0
0,1268,0.784,0.216,0,0.216,0,0
1,828,1,0,0,0,0,0
2,886,1,0,0,0,0,0
1
0,1265.95,0.768759,0.214501,0.01512,0.015241,0.01512,0.00162
1,828,0.997464,0.00253624,0,0.00253624,0,0
2,886,0.996368,0.00363183,0,0.00363183,0,0
2
0,1263.92,0.753848,0.212801,0.0301351,0.0149108,0.0150151,0.0032152
1,827.99,0.993842,0.00596776,0.00017754,0.00362174,0.00017754,1.268e-05
2,885.984,0.991333,0.00839433,0.00025423,0.00503489,0.00025423,1.816e-05
3
0,1261.93,0.739251,0.210932,0.0450312,0.014597,0.0148961,0.0047854
1,827.965,0.988766,0.0105964,0.00059528,0.00507619,0.00041774,4.252e-05
2,885.947,0.984466,0.0146322,0.00084183,0.0068674,0.0005876,6.013e-05
4
0,1259.97,0.724943,0.20893,0.0597964,0.0143077,0.0147653,0.00633053
1,827.921,0.981751,0.0168162,0.00133702,0.00701454,0.00074174,9.55e-05
2,885.882,0.975216,0.0227844,0.00186608,0.00924963,0.00102425,0.0001333
5
0,1258.05,0.710891,0.206837,0.0744215,0.0140525,0.0146251,0.00785068
1,827.851,0.972172,0.0251341,0.00251415,0.00957908,0.00117713,0.00017958
2,885.781,0.962891,0.0334003,0.00346098,0.0123248,0.0015949,0.00024722
6
0,1256.22,0.697049,0.204759,0.0889001,0.0138425,0.0144786,0.0092928
1,827.747,0.959233,0.0361881,0.00427353,0.0129391,0.00175938,0.00030525
2,885.633,0.946637,0.0471498,0.00579899,0.0162545,0.00233801,0.00041421
7
0,1254.43,0.683354,0.202709,0.103233,0.0136942,0.0143331,0.0107034
1,827.597,0.941949,0.0507583,0.0068067,0.0172843,0.00253317,0.0004862
2,885.424,0.92543,0.0648203,0.00909948,0.0212068,0.00330049,0.00064996
8
0,1252.74,0.669735,0.200807,0.117423,0.0136191,0.0141896,0.0120351
1,827.387,0.919145,0.0697556,0.0103598,0.0228042,0.00355308,0.00073998
2,885.137,0.898104,0.0872854,0.0136369,0.0273266,0.00453743,0.00097406
9
0,1251.11,0.6561,0.199098,0.131479,0.0136353,0.0140565,0.0133224
1,827.099,0.889494,0.0941745,0.0152427,0.0296506,0.0048829,0.00108876
2,884.75,0.863413,0.115429,0.0197469,0.0346905,0.00610997,0.00141048
10
0,1249.84,0.642345,0.197921,0.145416,0.0137554,0.0139369,0.0143179
1,826.709,0.851625,0.124981,0.0218349,0.0378691,0.00659221,0.00155962
2,884.239,0.820183,0.150003,0.0278269,0.0432305,0.00808005,0.00198763
11
0,1248.59,0.62834,0.197082,0.159271,0.0140048,0.0138545,0.0153075
1,826.191,0.80432,0.162912,0.0305835,0.0473053,0.00874865,0.00218453
2,883.574,0.767538,0.191397,0.0383271,0.0526443,0.0105002,0.00273764
12
0,1247.34,0.614418,0.113957,0.255333,0.0143691,0.0960621,0.0162929
1,825.502,0.74684,0.208156,0.0419874,0.0574797,0.0114038,0.00301701
2,882.394,0.705249,0.238956,0.0517249,0.0622896,0.0133978,0.00406977
13
0,1246.62,0.604178,0.109754,0.269206,0.0102719,0.0138731,0.0168627
1,824.209,0.72941,0.20847,0.0575426,0.0174385,0.0155552,0.00457818
2,880.806,0.686728,0.237551,0.0698585,0.0185321,0.0181336,0.00586195
14
0,1245.92,0.594349,0.105572,0.282667,0.00986008,0.0134611,0.0174114
1,822.915,0.712419,0.207902,0.0735372,0.0170021,0.0159946,0.0061417
2,879.228,0.668831,0.235093,0.0884319,0.017913,0.0185734,0.00764358
15
0,1245.25,0.584933,0.101404,0.295724,0.0094475,0.0130567,0.0179393
1,821.624,0.695924,0.206325,0.0900497,0.0165107,0.0165125,0.00770099
2,877.666,0.651607,0.231452,0.107534,0.0172459,0.019102,0.00940676
16
0,1244.61,0.575931,0.0972367,0.308386,0.00903176,0.0126623,0.0184463
1,820.342,0.679986,0.203573,0.107193,0.0159608,0.017143,0.00924841
2,876.128,0.635108,0.226461,0.127289,0.0165285,0.0197552,0.0111427
17
0,1243.99,0.552231,0.10817,0.320667,0.0237302,0.0122808,0.0189325
1,819.097,0.664668,0.199458,0.125121,0.015347,0.0179285,0.0107528
2,874.623,0.61939,0.219905,0.147863,0.0157562,0.0205744,0.0128411
18
0,1243.31,0.52742,0.119471,0.333636,0.0248397,0.0129688,0.0194734
1,818.271,0.649915,0.19427,0.144065,0.0147807,0.0189437,0.0117502
2,873.162,0.604361,0.211681,0.169468,0.0150798,0.0216043,0.0144904
19
0,1242.55,0.501685,0.130903,0.347342,0.0257644,0.0137063,0.0200707
1,817.467,0.635789,0.187171,0.164318,0.0141621,0.0202535,0.0127215
2,871.755,0.590089,0.201466,0.192367,0.0143383,0.022899,0.016078
20
0,1241.72,0.47527,0.142185,0.36182,0.0264439,0.0144781,0.0207252
1,816.692,0.622392,0.17775,0.1862,0.0134443,0.0218818,0.0136574
2,870.766,0.576639,0.189268,0.216899,0.0135132,0.0245323,0.0171942
21
0,1240.82,0.448467,0.153003,0.377094,0.0268319,0.0152742,0.0214362
1,815.956,0.609843,0.165553,0.210058,0.0126116,0.0238583,0.0145461
2,869.927,0.564104,0.17436,0.243396,0.012607,0.0264969,0.0181406
22
0,1239.85,0.421607,0.163019,0.393172,0.0268885,0.0160783,0.0222012
1,815.27,0.598281,0.150118,0.236227,0.0116406,0.0261686,0.0153739
2,869.155,0.552609,0.156268,0.272111,0.0115843,0.0287147,0.0190124
23
0,1238.82,0.395043,0.171891,0.410049,0.0265937,0.0168767,0.0230163
1,814.649,0.58787,0.131058,0.264948,0.0105107,0.0287211,0.0161245
2,868.463,0.542294,0.134758,0.303154,0.0104245,0.0310434,0.0197937
24
0,1237.73,0.369125,0.17931,0.427689,0.0259486,0.01764,0.0238757
1,814.106,0.578783,0.108183,0.296255,0.00920717,0.0313068,0.0167797
2,867.866,0.533304,0.109803,0.336426,0.00911927,0.0332717,0.0204675
25
0,1236.59,0.344169,0.186809,0.44425,0.024978,0.0165603,0.0247723
1,813.658,0.571094,0.101025,0.310561,0.00772557,0.0143058,0.0173207
2,867.379,0.525673,0.102087,0.351223,0.00766947,0.0147977,0.0210165
26
0,1235.4,0.320045,0.193074,0.461174,0.0241448,0.0169246,0.0257063
1,813.24,0.563885,0.0940748,0.324215,0.0072449,0.013654,0.0178258
2,866.927,0.518502,0.0947095,0.365262,0.00720937,0.0140387,0.021527
27
0,1234.15,0.294368,0.200558,0.478375,0.025698,0.017201,0.0266988
1,812.851,0.536779,0.107716,0.337209,0.0271406,0.0129946,0.0182962
2,866.508,0.49145,0.108004,0.378546,0.0270877,0.0132836,0.0220005
28
0,1232.65,0.28817,0.188018,0.495932,0.00622029,0.0175564,0.0278802
1,812.405,0.511553,0.118651,0.350962,0.0252599,0.0137527,0.0188347
2,866.029,0.467815,0.117144,0.3925,0.02367,0.0139547,0.0225405
29
0,1231.46,0.282375,0.170461,0.518343,0.00584538,0.0224118,0.0288203
1,811.914,0.485317,0.129998,0.365257,0.0262678,0.0142948,0.019428
2,865.51,0.443595,0.126466,0.406813,0.024253,0.0143123,0.0231262
30
0,1230.38,0.277064,0.153305,0.539959,0.00536353,0.0216153,0.0296726
1,811.375,0.458297,0.1415,0.380125,0.0270513,0.0148681,0.020078
2,864.95,0.418996,0.135715,0.421531,0.0246313,0.0147183,0.0237586
31
0,1229.4,0.272203,0.136624,0.560733,0.00491534,0.0207748,0.0304392
1,810.79,0.430744,0.152914,0.395557,0.0275832,0.0154318,0.0207855
2,864.349,0.394222,0.144718,0.436623,0.024804,0.0150924,0.0244371
32
0,1228.54,0.267761,0.120511,0.580605,0.00449815,0.019872,0.0311223
1,810.157,0.40295,0.163993,0.411507,0.0278232,0.0159506,0.0215501
2,863.708,0.369499,0.153313,0.452027,0.0247514,0.0154038,0.0251607
33
0,1227.77,0.263708,0.105066,0.599501,0.00410997,0.0188953,0.0317248
1,809.478,0.375228,0.174494,0.427908,0.0277488,0.0164012,0.02237
2,863.028,0.345059,0.161335,0.467679,0.024467,0.0156518,0.0259273
34
0,1227.11,0.260016,0.0903972,0.617337,0.00374928,0.0178363,0.0322502
1,808.755,0.347897,0.184195,0.444666,0.0273553,0.0167574,0.0232425
2,862.314,0.321129,0.168644,0.483493,0.0239543,0.0158143,0.026734
35
0,1226.53,0.246412,0.0868546,0.634031,0.0136603,0.0166945,0.0327022
1,807.993,0.320154,0.194021,0.461661,0.0277652,0.0169955,0.0241634
2,861.567,0.296457,0.176599,0.499366,0.0246941,0.0158733,0.0275772
36
0,1225.98,0.23359,0.0830472,0.650227,0.0128769,0.0161951,0.0331364
1,807.094,0.293406,0.202514,0.478831,0.0267701,0.01717,0.0252485
2,860.784,0.272742,0.183511,0.515287,0.0237351,0.0159208,0.0284602
37
0,1225.46,0.223221,0.0774509,0.665777,0.0104221,0.0155502,0.0335517
1,806.165,0.287052,0.190561,0.496017,0.00637236,0.0171855,0.0263705
2,859.971,0.252458,0.187038,0.531126,0.0202994,0.0158388,0.0293777
38
0,1224.97,0.21374,0.0717102,0.68061,0.00953137,0.0148337,0.0339389
1,805.376,0.281146,0.17935,0.51218,0.00592056,0.0161632,0.0273233
2,859.143,0.2335,0.189155,0.547032,0.0189739,0.0159061,0.0303129
39
0,1224.51,0.205108,0.0649455,0.695649,0.00868715,0.0150388,0.0342975
1,804.634,0.2757,0.160767,0.535313,0.00550431,0.0231333,0.02822
2,858.305,0.215956,0.181941,0.570844,0.017601,0.023812,0.0312587
40
0,1224.1,0.197428,0.0653265,0.702623,0.00769251,0.00697367,0.0346222
1,803.968,0.270866,0.143698,0.556413,0.00488739,0.0210994,0.0290239
2,857.499,0.200442,0.174572,0.592817,0.0155644,0.0219732,0.0321684
41
0,1223.68,0.190147,0.0654276,0.709477,0.00729416,0.00685403,0.0349488
1,803.373,0.266562,0.126986,0.57671,0.00435942,0.0202974,0.0297424
2,856.725,0.186621,0.165836,0.614502,0.0138727,0.0216849,0.0330412
42
0,1223.27,0.183275,0.065299,0.71615,0.00688301,0.00667305,0.035276
1,802.848,0.262762,0.110718,0.596143,0.00385759,0.019433,0.0303773
2,855.991,0.174385,0.156021,0.635723,0.0122877,0.0212209,0.0338704
43
0,1222.86,0.176816,0.0649427,0.722639,0.0064698,0.00648916,0.0356025
1,802.389,0.259438,0.0949866,0.614644,0.00338212,0.0185015,0.0309309
2,855.3,0.163612,0.145413,0.656324,0.0108255,0.0206013,0.0346505
44
0,1222.44,0.170173,0.064959,0.728941,0.0066519,0.0063014,0.0359272
1,801.996,0.247764,0.0886916,0.632138,0.0117327,0.0174939,0.0314058
2,854.655,0.153533,0.134927,0.676163,0.0101322,0.0198382,0.0353776
45
0,1222.03,0.163949,0.0647071,0.735092,0.00623268,0.00615104,0.036252
1,801.629,0.237322,0.0816661,0.649163,0.010501,0.0170242,0.0318493
2,854.058,0.144709,0.124083,0.695156,0.00887554,0.0189932,0.0360522
46
0,1221.62,0.158141,0.0641991,0.741084,0.00581619,0.00599266,0.0365755
1,801.291,0.228066,0.0741349,0.665542,0.00931415,0.0163791,0.0322576
2,853.508,0.137018,0.11312,0.71319,0.0077423,0.018034,0.0366726
47
0,1221.22,0.152761,0.0594329,0.750909,0.00540868,0.00982492,0.0368965
1,800.984,0.219935,0.0658837,0.681553,0.00818991,0.0160116,0.0326283
2,853.007,0.130341,0.101675,0.730745,0.00672872,0.0175554,0.0372382
48
0,1220.84,0.148003,0.0547087,0.760095,0.00478579,0.00918557,0.0371937
1,800.711,0.212934,0.0575019,0.696606,0.00705728,0.0150529,0.0329577
2,852.557,0.124629,0.0904996,0.747125,0.00576305,0.01638,0.0377466
49
0,1220.49,0.14381,0.0507316,0.767992,0.00421549,0.00789687,0.0374672
1,800.473,0.206935,0.0567012,0.703118,0.00601232,0.00651195,0.0332452
2,852.156,0.11976,0.0806593,0.761382,0.00491214,0.0142569,0.0381991
50
0,1220.17,0.14004,0.0469765,0.775262,0.00378957,0.00727087,0.0377209
1,800.238,0.201315,0.0557585,0.709398,0.00563292,0.0062796,0.0335287
2,851.798,0.115541,0.0714237,0.774433,0.00425869,0.0130508,0.0386024
51
0,1219.87,0.136651,0.0434524,0.781941,0.00340774,0.00667855,0.0379558
1,800.007,0.196053,0.0546909,0.715449,0.00527408,0.00605116,0.0338075
2,851.482,0.111889,0.0628501,0.786301,0.00368937,0.0118685,0.0389595
52
0,1219.6,0.133601,0.0402413,0.787985,0.00306625,0.00604369,0.038173
1,799.781,0.191127,0.0536076,0.721185,0.0049362,0.00573567,0.034081
2,851.203,0.108728,0.0552236,0.796775,0.00319434,0.0104736,0.0392738
53
0,1219.34,0.130848,0.0371292,0.793648,0.00276805,0.00566345,0.0383742
1,799.559,0.186507,0.0525054,0.726638,0.00462884,0.00545379,0.034349
2,850.959,0.105981,0.0484142,0.806054,0.00277563,0.00927954,0.0395499
54
0,1219.11,0.128365,0.0341416,0.798933,0.00249773,0.00528516,0.0385599
1,799.342,0.182169,0.0513999,0.731819,0.00434601,0.00518082,0.0346115
2,850.744,0.10359,0.0423789,0.814239,0.00241713,0.00818431,0.0397919
55
0,1218.89,0.126125,0.0312959,0.803848,0.00225349,0.00491476,0.0387306
1,799.129,0.17809,0.0503044,0.736737,0.00408654,0.0049179,0.0348685
2,850.557,0.101503,0.0370632,0.82143,0.00211042,0.00719123,0.0400038
56
0,1218.69,0.124106,0.028372,0.808635,0.00203338,0.00478663,0.0388871
1,798.921,0.174266,0.045777,0.744837,0.00384905,0.00810006,0.0351201
2,850.392,0.0996763,0.032156,0.827979,0.00184813,0.00654854,0.0401891
57
0,1218.51,0.122317,0.0256014,0.813053,0.00180285,0.00441837,0.039029
1,798.731,0.170877,0.0416349,0.75214,0.00341152,0.00730242,0.035349
2,850.25,0.0981007,0.0278562,0.833693,0.00159442,0.00571464,0.0403499
58
0,1218.35,0.120733,0.0229949,0.817115,0.00159568,0.00406187,0.039157
1,798.559,0.167869,0.0378855,0.758689,0.00302782,0.00654932,0.0355571
2,850.127,0.0967404,0.0241059,0.838665,0.00137679,0.00497141,0.0404892
59
0,1218.2,0.119335,0.020558,0.820835,0.00141002,0.00372041,0.0392719
1,798.402,0.165193,0.0345234,0.764537,0.00269284,0.00584813,0.0357465
2,850.02,0.0955644,0.020848,0.842978,0.00119022,0.00431333,0.0406097
60
0,1218.07,0.118101,0.0183824,0.824142,0.00124401,0.00330674,0.0393747
1,798.259,0.162806,0.0315666,0.769708,0.00240155,0.00517076,0.0359192
2,849.927,0.0945462,0.0180535,0.846686,0.00103038,0.00370841,0.0407139
61
0,1217.96,0.11701,0.0164497,0.827074,0.00110004,0.00293186,0.0394667
1,798.128,0.160667,0.028992,0.774264,0.00215195,0.004556,0.036077
2,849.847,0.0936615,0.0156672,0.849867,0.000895119,0.00318073,0.0408042
62
0,1217.85,0.116042,0.0147046,0.829704,0.000975542,0.0026304,0.0395489
1,798.008,0.15874,0.0265465,0.778491,0.00193914,0.0042277,0.036222
2,849.778,0.0928897,0.013602,0.852626,0.000780879,0.00275869,0.0408826
63
0,1217.76,0.115184,0.0131297,0.832064,0.000865124,0.0023592,0.0396224
1,797.898,0.157006,0.0242312,0.782408,0.00174514,0.0039165,0.0363547
2,849.718,0.0922155,0.0118163,0.855018,0.000682016,0.00239192,0.0409506
64
0,1217.68,0.114424,0.0117089,0.834179,0.000767068,0.0021157,0.0396881
1,797.798,0.155448,0.0220453,0.786031,0.00156822,0.00362255,0.0364758
2,849.665,0.091626,0.010273,0.857091,0.000596304,0.00207374,0.0410096
65
0,1217.6,0.11375,0.0104245,0.836079,0.000679853,0.00189988,0.0397466
1,797.707,0.154051,0.0199824,0.78938,0.00140679,0.0033496,0.0365861
2,849.62,0.09111,0.00893526,0.858894,0.000521836,0.00180232,0.041061
66
0,1217.54,0.113153,0.00926461,0.837784,0.000601998,0.00170447,0.0397987
1,797.624,0.152801,0.0180376,0.792475,0.00125914,0.0030948,0.036686
2,849.58,0.0906583,0.00777353,0.860462,0.000456844,0.00156875,0.0411057
67
0,1217.48,0.112625,0.00821797,0.839312,0.000532416,0.00152795,0.0398451
1,797.549,0.151686,0.0162052,0.795332,0.00112388,0.00285742,0.0367762
2,849.546,0.0902629,0.00676238,0.86183,0.000399914,0.00136772,0.0411446
68
0,1217.42,0.11216,0.00727393,0.84068,0.000470144,0.00136878,0.0398862
1,797.482,0.150695,0.0144793,0.797969,0.000999743,0.00263648,0.0368572
2,849.516,0.0899169,0.00587994,0.863025,0.000349884,0.00119459,0.0411784
69
0,1217.38,0.111749,0.00643532,0.841893,0.000414329,0.00121276,0.0399225
1,797.422,0.149816,0.0129403,0.800314,0.000885601,0.0023449,0.0369296
2,849.49,0.0896145,0.00511909,0.864059,0.000305754,0.00103383,0.0412078
70
0,1217.34,0.111387,0.00569186,0.842966,0.000365284,0.0010732,0.0399547
1,797.369,0.149037,0.011567,0.802401,0.000785281,0.00208744,0.0369943
2,849.467,0.0893499,0.00446251,0.864954,0.000267562,0.000895621,0.0412334
71
0,1217.3,0.111068,0.00503389,0.843915,0.000322186,0.0009487,0.0399831
1,797.321,0.148346,0.0103398,0.804262,0.000696946,0.00186058,0.0370522
2,849.447,0.089118,0.00389524,0.865731,0.000234452,0.000776892,0.0412557
72
0,1217.27,0.110786,0.00445255,0.844753,0.000284317,0.000837865,0.0400083
1,797.278,0.147732,0.00924103,0.805923,0.000618975,0.00166102,0.0371039
2,849.43,0.0889145,0.00340452,0.866406,0.000205702,0.000674751,0.0412752
73
0,1217.24,0.110538,0.00393801,0.845494,0.000251035,0.000740988,0.0400306
1,797.24,0.147187,0.00825354,0.807409,0.000549964,0.00148669,0.0371501
2,849.415,0.0887357,0.00297863,0.866994,0.000180682,0.000587662,0.0412922
74
0,1217.22,0.110318,0.00348157,0.84615,0.0002217,0.000656373,0.0400503
1,797.206,0.146702,0.00736227,0.808744,0.000488614,0.0013345,0.0371913
2,849.402,0.0885785,0.0026077,0.867507,0.00015884,0.000513239,0.041307
75
0,1217.19,0.110124,0.00307676,0.846732,0.000195762,0.000581322,0.0400677
1,797.175,0.146272,0.00655918,0.80994,0.000433804,0.00119638,0.0372281
2,849.39,0.0884403,0.00228419,0.867955,0.00013968,0.000448682,0.0413201
76
0,1217.17,0.109953,0.00271784,0.847246,0.00017282,0.000514738,0.040083
1,797.148,0.145891,0.00583677,0.811011,0.000384864,0.00107114,0.0372609
2,849.38,0.0883187,0.00200176,0.868348,0.000122852,0.000392612,0.0413315
77
0,1217.16,0.109802,0.00239978,0.847702,0.000152523,0.000455553,0.0400966
1,797.124,0.145553,0.00518822,0.811969,0.000341195,0.000957568,0.0372901
2,849.371,0.0882117,0.00175495,0.868692,0.000108072,0.000343754,0.0413415
78
0,1217.14,0.109668,0.00211816,0.848105,0.000134577,0.000402908,0.0401086
1,797.102,0.145253,0.00460733,0.812824,0.000302275,0.000854549,0.0373161
2,849.364,0.0881176,0.00153914,0.868993,9.508e-05,0.000301129,0.0413503
79
0,1217.13,0.109551,0.00186911,0.848461,0.000118709,0.000356047,0.0401192
1,797.083,0.144988,0.00408845,0.813585,0.00026764,0.0007611,0.0373391
2,849.357,0.0880348,0.00135042,0.869257,8.36522e-05,0.000263822,0.041358
80
0,1217.12,0.109447,0.00164917,0.848775,0.0001047,0.000314317,0.0401286
1,797.066,0.144753,0.00362642,0.814261,0.00023687,0.000676338,0.0373596
2,849.351,0.0879619,0.00118545,0.869488,7.36122e-05,0.000231084,0.0413648
81
0,1217.11,0.109356,0.00145523,0.849052,9.23438e-05,0.000277151,0.0401368
1,797.051,0.144545,0.00321656,0.814861,0.000209604,0.000599455,0.0373777
2,849.346,0.0878978,0.00104136,0.86969,6.48e-05,0.000202312,0.0413707
82
0,1217.1,0.109275,0.00128423,0.849297,8.14689e-05,0.00024441,0.0401441
1,797.038,0.144361,0.0028527,0.815392,0.000185515,0.000531601,0.0373938
2,849.341,0.0878413,0.000915319,0.869867,5.707e-05,0.00017732,0.0413759
83
0,1217.09,0.109204,0.00113341,0.849512,7.18898e-05,0.000215621,0.0401505
1,797.026,0.144199,0.00252949,0.815864,0.000164212,0.000471666,0.0374081
2,849.337,0.0877915,0.000804956,0.870023,5.028e-05,0.000155562,0.0413805
84
0,1217.08,0.109141,0.00100031,0.849703,6.34428e-05,0.000190275,0.0401562
1,797.016,0.144055,0.00224225,0.816282,0.000145354,0.00041863,0.0374207
2,849.333,0.0877476,0.000708184,0.87016,4.432e-05,0.000136632,0.0413845
85
0,1217.08,0.109085,0.000882797,0.849871,5.59951e-05,0.000167983,0.0401612
1,797.006,0.143927,0.00198693,0.816654,0.00012865,0.000371574,0.037432
2,849.33,0.0877089,0.000623244,0.87028,3.907e-05,0.0001201,0.0413881
86
0,1217.07,0.109037,0.000779033,0.850019,4.94209e-05,0.000148308,0.0401656
1,796.998,0.143814,0.00176003,0.816984,0.00011384,0.00032978,0.0374419
2,849.327,0.0876748,0.000548624,0.870385,3.445e-05,0.00010559,0.0413912
87
0,1217.07,0.108993,0.0006874,0.85015,4.3615e-05,0.000130937,0.0401695
1,796.991,0.143715,0.0015585,0.817276,0.00010071,0.000292504,0.0374507
2,849.325,0.0876447,0.000483064,0.870478,3.038e-05,9.29e-05,0.0413939
88
0,1217.06,0.108955,0.000606511,0.850265,3.84911e-05,0.000115554,0.0401729
1,796.984,0.143626,0.00137967,0.817536,8.908e-05,0.00025928,0.0374585
2,849.323,0.0876182,0.000425404,0.87056,2.679e-05,8.178e-05,0.0413963
89
0,1217.06,0.108922,0.000535141,0.850367,3.39631e-05,0.00010197,0.040176
1,796.979,0.143548,0.00122109,0.817765,7.878e-05,0.00022974,0.0374654
2,849.321,0.0875948,0.000374726,0.870632,2.36222e-05,7.194e-05,0.0413985
90
0,1217.05,0.108892,0.000472172,0.850457,2.99782e-05,8.99839e-05,0.0401786
1,796.974,0.143479,0.00108058,0.817969,6.966e-05,0.000203439,0.0374715
2,849.319,0.0875742,0.000330194,0.870695,2.084e-05,6.33022e-05,0.0414003
91
0,1217.05,0.108866,0.000416645,0.850537,2.64559e-05,7.93721e-05,0.040181
1,796.969,0.143418,0.000956134,0.818149,6.16e-05,0.00018006,0.0374769
2,849.318,0.087556,0.000290992,0.870751,1.838e-05,5.57522e-05,0.041402
92
0,1217.05,0.108843,0.000367664,0.850607,2.33491e-05,7.00325e-05,0.0401831
1,796.965,0.143364,0.000845934,0.818308,5.446e-05,0.00015938,0.0374817
2,849.317,0.0875399,0.0002565,0.8708,1.622e-05,4.90922e-05,0.0414035
93
0,1217.05,0.108822,0.000324453,0.850668,2.06108e-05,6.17759e-05,0.0401849
1,796.962,0.143317,0.0007484,0.818449,4.815e-05,0.000141014,0.0374859
2,849.315,0.0875257,0.00022616,0.870843,1.431e-05,4.323e-05,0.0414047
94
0,1217.04,0.108804,0.000286323,0.850723,1.81939e-05,5.45369e-05,0.0401865
1,796.959,0.143274,0.000662045,0.818574,4.25745e-05,0.0001248,0.0374897
2,849.314,0.0875132,0.00019942,0.870881,1.263e-05,3.811e-05,0.0414059
95
0,1217.04,0.108788,0.000252714,0.850771,1.60593e-05,4.80838e-05,0.040188
1,796.956,0.143237,0.000585635,0.818684,3.764e-05,0.00011041,0.037493
2,849.314,0.0875022,0.00017588,0.870915,1.115e-05,3.358e-05,0.0414069
96
0,1217.04,0.108774,0.000223048,0.850814,1.41777e-05,4.24482e-05,0.0401892
1,796.953,0.143204,0.000517945,0.818782,3.328e-05,9.771e-05,0.0374959
2,849.313,0.0874924,0.00015512,0.870945,9.84e-06,2.963e-05,0.0414078
97
0,1217.04,0.108762,0.000196885,0.850851,1.25134e-05,3.74533e-05,0.0401903
1,796.951,0.143175,0.000458025,0.818869,2.942e-05,8.648e-05,0.0374985
2,849.312,0.0874838,0.000136822,0.870971,8.68216e-06,2.612e-05,0.0414085
98
0,1217.04,0.108751,0.000173782,0.850884,1.10474e-05,3.30607e-05,0.0401913
1,796.949,0.143149,0.000405035,0.818945,2.601e-05,7.648e-05,0.0375008
2,849.311,0.0874762,0.000120712,0.870994,7.67e-06,2.303e-05,0.0414092
99
0,1217.04,0.108741,0.000153405,0.850913,9.7516e-06,2.91721e-05,0.0401922
1,796.948,0.143126,0.000358135,0.819013,2.299e-05,6.765e-05,0.0375028
2,849.311,0.0874695,0.000106512,0.871014,6.77e-06,2.031e-05,0.0414098
100
0,1217.04,0.108733,0.00013542,0.850939,8.6148e-06,2.57617e-05,0.040193
1,796.946,0.143106,0.000316645,0.819073,2.032e-05,5.983e-05,0.0375046
2,849.31,0.0874636,9.40021e-05,0.871032,5.98e-06,1.79e-05,0.0414103
101
0,1217.03,0.108725,0.000119543,0.850962,7.60344e-06,2.27354e-05,0.0401936
1,796.945,0.143088,0.000279945,0.819125,1.796e-05,5.29e-05,0.0375062
2,849.31,0.0874584,8.29622e-05,0.871048,5.28e-06,1.58e-05,0.0414108
102
0,1217.03,0.108718,0.000105538,0.850982,6.71536e-06,2.0062e-05,0.0401942
1,796.944,0.143073,0.000247479,0.819172,1.58745e-05,4.679e-05,0.0375076
2,849.31,0.0874538,7.32122e-05,0.871062,4.66e-06,1.396e-05,0.0414112
103
0,1217.03,0.108713,9.31631e-05,0.851,5.93136e-06,1.77257e-05,0.0401947
1,796.943,0.143059,0.000218789,0.819214,1.403e-05,4.136e-05,0.0375088
2,849.309,0.0874497,6.46222e-05,0.871074,4.11e-06,1.229e-05,0.0414116
104
0,1217.03,0.108707,8.22469e-05,0.851015,5.2336e-06,1.56402e-05,0.0401952
1,796.942,0.143047,0.000193399,0.81925,1.24e-05,3.657e-05,0.0375099
2,849.309,0.0874461,5.70422e-05,0.871085,3.63e-06,1.087e-05,0.0414119
105
0,1217.03,0.108703,7.26164e-05,0.851029,4.62208e-06,1.37978e-05,0.0401956
1,796.941,0.143036,0.000170969,0.819282,1.096e-05,3.233e-05,0.0375109
2,849.309,0.0874429,5.03522e-05,0.871095,3.21e-06,9.58e-06,0.0414122
106
0,1217.03,0.108699,6.41149e-05,0.851041,4.07896e-06,1.21806e-05,0.040196
1,796.94,0.143026,0.000151135,0.819311,9.69e-06,2.85745e-05,0.0375117
2,849.309,0.0874401,4.44322e-05,0.871103,2.83e-06,8.46e-06,0.0414125
107
0,1217.03,0.108695,5.66112e-05,0.851052,3.60856e-06,1.07594e-05,0.0401963
1,796.94,0.143018,0.000133595,0.819336,8.56e-06,2.526e-05,0.0375125
2,849.308,0.0874376,3.92222e-05,0.87111,2.5e-06,7.47e-06,0.0414127
108
0,1217.03,0.108692,4.99778e-05,0.851061,3.1852e-06,9.50504e-06,0.0401966
1,796.939,0.14301,0.000118095,0.819359,7.57e-06,2.234e-05,0.0375132
2,849.308,0.0874354,3.46422e-05,0.871117,2.21e-06,6.58e-06,0.0414129
109
0,1217.03,0.108689,4.41383e-05,0.85107,2.80888e-06,8.38176e-06,0.0401968
1,796.939,0.143003,0.000104365,0.819378,6.69e-06,1.977e-05,0.0375137
2,849.308,0.0874335,3.06e-05,0.871123,1.95e-06,5.80216e-06,0.041413
110
0,1217.03,0.108687,3.8981e-05,0.851077,2.48744e-06,7.40176e-06,0.040197
1,796.938,0.142998,9.22445e-05,0.819396,5.91e-06,1.744e-05,0.0375143
2,849.308,0.0874318,2.703e-05,0.871128,1.72e-06,5.13e-06,0.0414132
111
0,1217.03,0.108685,3.44294e-05,0.851084,2.19736e-06,6.52152e-06,0.0401972
1,796.938,0.142992,8.15445e-05,0.819411,5.22e-06,1.541e-05,0.0375147
2,849.308,0.0874303,2.388e-05,0.871133,1.52e-06,4.54e-06,0.0414133
112
0,1217.03,0.108683,3.03875e-05,0.85109,1.93864e-06,5.7924e-06,0.0401974
1,796.937,0.142988,7.20545e-05,0.819425,4.62e-06,1.366e-05,0.0375151
2,849.308,0.087429,2.109e-05,0.871137,1.35e-06,4.01e-06,0.0414134
113
0,1217.03,0.108681,2.68317e-05,0.851095,1.71128e-06,5.10248e-06,0.0401976
1,796.937,0.142984,6.36945e-05,0.819437,4.08e-06,1.204e-05,0.0375155
2,849.308,0.0874278,1.861e-05,0.87114,1.19e-06,3.54e-06,0.0414135
114
0,1217.03,0.108679,2.37092e-05,0.851099,1.51528e-06,4.4888e-06,0.0401977
1,796.937,0.14298,5.629e-05,0.819448,3.6e-06,1.06645e-05,0.0375158
2,849.307,0.0874267,1.639e-05,0.871143,1.05e-06,3.14e-06,0.0414137
115
0,1217.03,0.108678,2.09452e-05,0.851103,1.3328e-06,3.97136e-06,0.0401978
1,796.937,0.142977,4.976e-05,0.819457,3.19e-06,9.41e-06,0.0375161
2,849.307,0.0874258,1.443e-05,0.871146,9.3e-07,2.76e-06,0.0414138
116
0,1217.03,0.108677,1.85026e-05,0.851107,1.176e-06,3.51664e-06,0.0401979
1,796.936,0.142974,4.398e-05,0.819465,2.82e-06,8.31e-06,0.0375164
2,849.307,0.087425,1.274e-05,0.871148,8.2e-07,2.4e-06,0.0414139
117
0,1217.03,0.108676,1.63266e-05,0.85111,1.04272e-06,3.1168e-06,0.040198
1,796.936,0.142972,3.885e-05,0.819473,2.49e-06,7.38e-06,0.0375166
2,849.307,0.0874243,1.123e-05,0.871151,7.2e-07,2.15e-06,0.0414139
118
0,1217.03,0.108675,1.44115e-05,0.851112,9.1728e-07,2.73048e-06,0.0401981
1,796.936,0.14297,3.434e-05,0.819479,2.2e-06,6.5e-06,0.0375168
2,849.307,0.0874237,9.94e-06,0.871152,6.4e-07,1.88e-06,0.041414
119
0,1217.03,0.108674,1.27081e-05,0.851115,8.0752e-07,2.40904e-06,0.0401982
1,796.936,0.142968,3.037e-05,0.819485,1.94e-06,5.72e-06,0.0375169
2,849.307,0.0874231,8.83e-06,0.871154,5.6e-07,1.64e-06,0.041414
120
0,1217.03,0.108674,1.11693e-05,0.851117,7.1344e-07,2.15032e-06,0.0401983
1,796.936,0.142966,2.685e-05,0.81949,1.72e-06,5.08e-06,0.0375171
2,849.307,0.0874226,7.85e-06,0.871156,5e-07,1.48e-06,0.041414
121
0,1217.03,0.108673,9.84216e-06,0.851119,6.272e-07,1.87592e-06,0.0401984
1,796.936,0.142965,2.374e-05,0.819495,1.52e-06,4.5e-06,0.0375172
2,849.307,0.0874222,6.98e-06,0.871157,4.4e-07,1.31e-06,0.041414
122
0,1217.03,0.108672,8.69536e-06,0.851121,5.5664e-07,1.64856e-06,0.0401984
1,796.936,0.142963,2.097e-05,0.819499,1.34e-06,3.98e-06,0.0375173
2,849.307,0.0874218,6.21e-06,0.871158,3.9e-07,1.16e-06,0.041414
123
0,1217.03,0.108672,7.69752e-06,0.851122,4.9392e-07,1.45256e-06,0.0401984
1,796.936,0.142962,1.853e-05,0.819502,1.19e-06,3.5e-06,0.0375174
2,849.307,0.0874214,5.53e-06,0.871159,3.5e-07,1.03e-06,0.041414
124
0,1217.03,0.108671,6.8408e-06,0.851123,4.3904e-07,1.28008e-06,0.0401984
1,796.935,0.142961,1.634e-05,0.819505,1.05e-06,3.11e-06,0.0375176
2,849.307,0.0874211,4.9e-06,0.87116,3.1e-07,9.4e-07,0.041414
125
0,1217.03,0.108671,6.07816e-06,0.851124,3.8416e-07,1.1468e-06,0.0401984
1,796.935,0.14296,1.439e-05,0.819508,9.3e-07,2.75e-06,0.0375177
2,849.307,0.0874209,4.35e-06,0.871161,2.7e-07,8.2e-07,0.041414
126
0,1217.03,0.108671,5.41744e-06,0.851125,3.4496e-07,1.00568e-06,0.0401984
1,796.935,0.142959,1.27e-05,0.81951,8.2e-07,2.4e-06,0.0375178
2,849.307,0.0874206,3.85e-06,0.871162,2.4e-07,7.4e-07,0.041414
127
0,1217.03,0.10867,4.81376e-06,0.851126,3.0576e-07,9.0944e-07,0.0401984
1,796.935,0.142959,1.12e-05,0.819512,7.2e-07,2.14e-06,0.0375178
2,849.307,0.0874204,3.39e-06,0.871162,2.1e-07,6.7e-07,0.041414
128
0,1217.03,0.10867,4.28064e-06,0.851127,2.6656e-07,7.9968e-07,0.0401984
1,796.935,0.142958,9.91e-06,0.819514,6.4e-07,1.88e-06,0.0375179
2,849.307,0.0874202,3e-06,0.871163,1.9e-07,5.8e-07,0.041414
129
0,1217.03,0.10867,3.79456e-06,0.851128,2.4304e-07,7.2912e-07,0.0401984
1,796.935,0.142957,8.81e-06,0.819516,5.6e-07,1.64e-06,0.0375179
2,849.307,0.0874201,2.67e-06,0.871163,1.7e-07,5e-07,0.041414
130
0,1217.03,0.10867,3.3712e-06,0.851128,2.1168e-07,6.3504e-07,0.0401984
1,796.935,0.142957,7.84e-06,0.819517,5e-07,1.47e-06,0.0375179
2,849.307,0.0874199,2.37e-06,0.871164,1.5e-07,4.5e-07,0.041414
131
0,1217.03,0.10867,2.98704e-06,0.851129,1.8816e-07,5.7232e-07,0.0401984
1,796.935,0.142956,6.98e-06,0.819519,4.4e-07,1.3e-06,0.0375179
2,849.307,0.0874198,2.12e-06,0.871164,1.3e-07,3.8e-07,0.041414
132
0,1217.03,0.108669,2.64208e-06,0.85113,1.6464e-07,5.096e-07,0.0401984
1,796.935,0.142956,6.22e-06,0.81952,4e-07,1.16e-06,0.0375179
2,849.307,0.0874197,1.91e-06,0.871164,1.2e-07,3.3e-07,0.041414
133
0,1217.03,0.108669,2.34416e-06,0.85113,1.4896e-07,4.4688e-07,0.0401984
1,796.935,0.142956,5.54e-06,0.819521,3.5e-07,1.03e-06,0.0375179
2,849.307,0.0874195,1.71e-06,0.871165,1.1e-07,3.1e-07,0.041414
134
0,1217.03,0.108669,2.08544e-06,0.85113,1.3328e-07,3.92e-07,0.0401984
1,796.935,0.142955,4.91e-06,0.819522,3.1e-07,9.4e-07,0.0375179
2,849.307,0.0874195,1.51e-06,0.871165,9e-08,2.9e-07,0.041414
135
0,1217.03,0.108669,1.85024e-06,0.851131,1.176e-07,3.528e-07,0.0401984
1,796.935,0.142955,4.37e-06,0.819523,2.8e-07,8.2e-07,0.0375179
2,849.307,0.0874194,1.31e-06,0.871165,8e-08,2.8e-07,0.041414
136
0,1217.03,0.108669,1.65424e-06,0.851131,1.0192e-07,2.9792e-07,0.0401984
1,796.935,0.142955,3.88e-06,0.819523,2.5e-07,7.4e-07,0.0375179
2,849.307,0.0874193,1.12e-06,0.871166,7e-08,2.6e-07,0.041414
137
0,1217.03,0.108669,1.4896e-06,0.851131,9.408e-08,2.5872e-07,0.0401984
1,796.935,0.142955,3.43e-06,0.819524,2.2e-07,6.7e-07,0.0375179
2,849.307,0.0874192,9.7e-07,0.871166,6e-08,2.1e-07,0.041414
138
0,1217.03,0.108669,1.3328e-06,0.851132,8.624e-08,2.4304e-07,0.0401984
1,796.935,0.142954,3.03e-06,0.819525,1.9e-07,5.9e-07,0.0375179
2,849.307,0.0874192,8.8e-07,0.871166,6e-08,1.5e-07,0.041414
139
0,1217.03,0.108669,1.176e-06,0.851132,7.056e-08,2.2736e-07,0.0401984
1,796.935,0.142954,2.69e-06,0.819525,1.7e-07,5.1e-07,0.0375179
2,849.307,0.0874191,8.1e-07,0.871166,5e-08,1.2e-07,0.041414
140
0,1217.03,0.108669,1.02704e-06,0.851132,6.272e-08,2.1168e-07,0.0401984
1,796.935,0.142954,2.39e-06,0.819526,1.5e-07,4.5e-07,0.0375179
2,849.307,0.0874191,7.8e-07,0.871166,5e-08,8e-08,0.041414
141
0,1217.03,0.108668,8.7808e-07,0.851132,5.488e-08,2.0384e-07,0.0401984
1,796.935,0.142954,2.14e-06,0.819526,1.4e-07,3.9e-07,0.0375179
2,849.307,0.087419,7.5e-07,0.871166,4e-08,7e-08,0.041414
142
0,1217.03,0.108668,7.6048e-07,0.851132,4.704e-08,1.6464e-07,0.0401984
1,796.935,0.142954,1.93e-06,0.819526,1.2e-07,3.3e-07,0.0375179
2,849.307,0.087419,7.2e-07,0.871166,4e-08,7e-08,0.041414
143
0,1217.03,0.108668,6.8992e-07,0.851132,4.704e-08,1.176e-07,0.0401984
1,796.935,0.142954,1.73e-06,0.819527,1.1e-07,3.1e-07,0.0375179
2,849.307,0.087419,6.9e-07,0.871166,4e-08,7e-08,0.041414
144
0,1217.03,0.108668,6.3504e-07,0.851133,3.92e-08,9.408e-08,0.0401984
1,796.935,0.142954,1.54e-06,0.819527,1e-07,2.9e-07,0.0375179
2,849.307,0.0874189,6.5e-07,0.871166,3e-08,7e-08,0.041414
145
0,1217.03,0.108668,6.1152e-07,0.851133,3.92e-08,6.272e-08,0.0401984
1,796.935,0.142954,1.35e-06,0.819527,9e-08,2.8e-07,0.0375179
2,849.307,0.0874189,6.1e-07,0.871166,3e-08,7e-08,0.041414
146
0,1217.03,0.108668,5.88e-07,0.851133,3.136e-08,5.488e-08,0.0401984
1,796.935,0.142953,1.17e-06,0.819527,8e-08,2.6e-07,0.0375179
2,849.307,0.0874189,5.7e-07,0.871167,3e-08,7e-08,0.041414
147
0,1217.03,0.108668,5.6448e-07,0.851133,3.136e-08,5.488e-08,0.0401984
1,796.935,0.142953,1e-06,0.819528,7e-08,2.4e-07,0.0375179
2,849.307,0.0874188,5.3e-07,0.871167,3e-08,7e-08,0.041414
148
0,1217.03,0.108668,5.4096e-07,0.851133,3.136e-08,5.488e-08,0.0401984
1,796.935,0.142953,8.9e-07,0.819528,6e-08,1.7e-07,0.0375179
2,849.307,0.0874188,4.8e-07,0.871167,2e-08,7e-08,0.041414
149
0,1217.03,0.108668,5.1744e-07,0.851133,3.136e-08,5.488e-08,0.0401984
1,796.935,0.142953,8.2e-07,0.819528,5e-08,1.2e-07,0.0375179
2,849.307,0.0874188,4.4e-07,0.871167,2e-08,6e-08,0.041414
150
0,1217.03,0.108668,4.9392e-07,0.851133,3.136e-08,5.488e-08,0.0401984
1,796.935,0.142953,7.9e-07,0.819528,5e-08,8e-08,0.0375179
2,849.307,0.0874188,4e-07,0.871167,2e-08,6e-08,0.041414
151
0,1217.03,0.108668,4.6256e-07,0.851133,2.352e-08,5.488e-08,0.0401984
1,796.935,0.142953,7.7e-07,0.819528,5e-08,7e-08,0.0375179
2,849.307,0.0874188,3.7e-07,0.871167,2e-08,5e-08,0.041414
152
0,1217.03,0.108668,4.312e-07,0.851133,2.352e-08,5.488e-08,0.0401984
1,796.935,0.142953,7.5e-07,0.819528,5e-08,7e-08,0.0375179
2,849.307,0.0874187,3.4e-07,0.871167,2e-08,5e-08,0.041414
153
0,1217.03,0.108668,3.9984e-07,0.851133,2.352e-08,5.488e-08,0.0401984
1,796.935,0.142953,7.2e-07,0.819528,4e-08,7e-08,0.0375179
2,849.307,0.0874187,3.2e-07,0.871167,2e-08,4e-08,0.041414
154
0,1217.03,0.108668,3.7632e-07,0.851133,2.352e-08,4.704e-08,0.0401984
1,796.935,0.142953,6.9e-07,0.819528,4e-08,7e-08,0.0375179
2,849.307,0.0874187,3e-07,0.871167,2e-08,4e-08,0.041414
155
0,1217.03,0.108668,3.528e-07,0.851133,2.352e-08,4.704e-08,0.0401984
1,796.935,0.142953,6.6e-07,0.819528,4e-08,7e-08,0.0375179
2,849.307,0.0874187,2.7e-07,0.871167,1e-08,4e-08,0.041414
156
0,1217.03,0.108668,3.2928e-07,0.851133,1.568e-08,3.92e-08,0.0401984
1,796.935,0.142953,6.3e-07,0.819529,4e-08,7e-08,0.0375179
2,849.307,0.0874187,2.5e-07,0.871167,1e-08,3e-08,0.041414
157
0,1217.03,0.108668,3.0576e-07,0.851133,1.568e-08,3.92e-08,0.0401984
1,796.935,0.142953,6e-07,0.819529,4e-08,7e-08,0.0375179
2,849.307,0.0874187,2.3e-07,0.871167,1e-08,3e-08,0.041414
158
0,1217.03,0.108668,2.9008e-07,0.851133,1.568e-08,3.136e-08,0.0401984
1,796.935,0.142953,5.6e-07,0.819529,3e-08,7e-08,0.0375179
2,849.307,0.0874187,2.1e-07,0.871167,1e-08,3e-08,0.041414
159
0,1217.03,0.108668,2.744e-07,0.851133,1.568e-08,3.136e-08,0.0401984
1,796.935,0.142953,5.2e-07,0.819529,3e-08,7e-08,0.0375179
2,849.307,0.0874187,1.9e-07,0.871167,1e-08,3e-08,0.041414
160
0,1217.03,0.108668,2.5872e-07,0.851133,1.568e-08,3.136e-08,0.0401984
1,796.935,0.142953,4.9e-07,0.819529,3e-08,6e-08,0.0375179
2,849.307,0.0874186,1.8e-07,0.871167,1e-08,2e-08,0.041414
161
0,1217.03,0.108668,2.4304e-07,0.851133,1.568e-08,3.136e-08,0.0401984
1,796.935,0.142953,4.7e-07,0.819529,3e-08,5e-08,0.0375179
2,849.307,0.0874186,1.7e-07,0.871167,1e-08,2e-08,0.041414
162
0,1217.03,0.108668,2.2736e-07,0.851133,1.568e-08,3.136e-08,0.0401984
1,796.935,0.142953,4.5e-07,0.819529,3e-08,5e-08,0.0375179
2,849.307,0.0874186,1.6e-07,0.871167,1e-08,2e-08,0.041414
163
0,1217.03,0.108668,2.1952e-07,0.851133,1.568e-08,2.352e-08,0.0401984
1,796.935,0.142953,4.3e-07,0.819529,3e-08,5e-08,0.0375179
2,849.307,0.0874186,1.5e-07,0.871167,1e-08,2e-08,0.041414
164
0,1217.03,0.108668,2.1168e-07,0.851133,1.568e-08,2.352e-08,0.0401984
1,796.935,0.142953,4e-07,0.819529,2e-08,5e-08,0.0375179
2,849.307,0.0874186,1.4e-07,0.871167,1e-08,2e-08,0.041414
165
0,1217.03,0.108668,1.96e-07,0.851133,7.84e-09,2.352e-08,0.0401984
1,796.935,0.142953,3.8e-07,0.819529,2e-08,4e-08,0.0375179
2,849.307,0.0874186,1.3e-07,0.871167,1e-08,2e-08,0.041414
166
0,1217.03,0.108668,1.8032e-07,0.851134,7.84e-09,2.352e-08,0.0401984
1,796.935,0.142953,3.6e-07,0.819529,2e-08,4e-08,0.0375179
2,849.307,0.0874186,1.2e-07,0.871167,1e-08,2e-08,0.041414
167
0,1217.03,0.108668,1.6464e-07,0.851134,7.84e-09,2.352e-08,0.0401984
1,796.935,0.142953,3.4e-07,0.819529,2e-08,4e-08,0.0375179
2,849.307,0.0874186,1.2e-07,0.871167,1e-08,1e-08,0.041414
168
0,1217.03,0.108668,1.568e-07,0.851134,7.84e-09,1.568e-08,0.0401984
1,796.935,0.142953,3.2e-07,0.819529,2e-08,4e-08,0.0375179
2,849.307,0.0874186,1.2e-07,0.871167,1e-08,1e-08,0.041414
169
0,1217.03,0.108668,1.4896e-07,0.851134,7.84e-09,1.568e-08,0.0401984
1,796.935,0.142953,3e-07,0.819529,2e-08,4e-08,0.0375179
2,849.307,0.0874186,1.2e-07,0.871167,1e-08,1e-08,0.041414
170
0,1217.03,0.108668,1.4112e-07,0.851134,7.84e-09,1.568e-08,0.0401984
1,796.935,0.142953,2.9e-07,0.819529,2e-08,3e-08,0.0375179
2,849.307,0.0874185,1.2e-07,0.871167,1e-08,1e-08,0.041414
171
0,1217.03,0.108668,1.3328e-07,0.851134,7.84e-09,1.568e-08,0.0401984
1,796.935,0.142953,2.8e-07,0.819529,2e-08,3e-08,0.0375179
2,849.307,0.0874185,1.2e-07,0.871167,1e-08,1e-08,0.041414
172
0,1217.03,0.108668,1.2544e-07,0.851134,7.84e-09,1.568e-08,0.0401984
1,796.935,0.142953,2.7e-07,0.819529,2e-08,3e-08,0.0375179
2,849.307,0.0874185,1.2e-07,0.871167,1e-08,1e-08,0.041414
173
0,1217.03,0.108668,1.176e-07,0.851134,7.84e-09,1.568e-08,0.0401984
1,796.935,0.142953,2.6e-07,0.819529,2e-08,3e-08,0.0375179
2,849.307,0.0874185,1.2e-07,0.871167,1e-08,1e-08,0.041414
174
0,1217.03,0.108668,1.0976e-07,0.851134,7.84e-09,1.568e-08,0.0401984
1,796.935,0.142953,2.5e-07,0.819529,2e-08,3e-08,0.0375179
2,849.307,0.0874185,1.2e-07,0.871167,1e-08,1e-08,0.041414
175
0,1217.03,0.108668,1.0192e-07,0.851134,7.84e-09,1.568e-08,0.0401984
1,796.935,0.142953,2.3e-07,0.819529,1e-08,3e-08,0.0375179
2,849.307,0.0874185,1.2e-07,0.871167,1e-08,1e-08,0.041414
176
0,1217.03,0.108668,9.408e-08,0.851134,7.84e-09,1.568e-08,0.0401984
1,796.935,0.142953,2.2e-07,0.819529,1e-08,2e-08,0.0375179
2,849.307,0.0874185,1.2e-07,0.871167,1e-08,1e-08,0.041414
177
0,1217.03,0.108668,9.408e-08,0.851134,7.84e-09,7.84e-09,0.0401984
1,796.935,0.142953,2.1e-07,0.819529,1e-08,2e-08,0.0375179
2,849.307,0.0874185,1.2e-07,0.871167,1e-08,1e-08,0.041414
178
0,1217.03,0.108668,9.408e-08,0.851134,7.84e-09,7.84e-09,0.0401984
1,796.935,0.142952,2e-07,0.819529,1e-08,2e-08,0.0375179
2,849.307,0.0874185,1.2e-07,0.871167,1e-08,1e-08,0.041414
179
0,1217.03,0.108668,9.408e-08,0.851134,7.84e-09,7.84e-09,0.0401984
1,796.935,0.142952,1.9e-07,0.819529,1e-08,2e-08,0.0375179
2,849.307,0.0874185,1.2e-07,0.871167,1e-08,1e-08,0.041414
180
0,1217.03,0.108668,9.408e-08,0.851134,7.84e-09,7.84e-09,0.0401984
1,796.935,0.142952,1.8e-07,0.819529,1e-08,2e-08,0.0375179
2,849.307,0.0874184,1.2e-07,0.871167,1e-08,1e-08,0.041414
181
0,1217.03,0.108668,9.408e-08,0.851134,7.84e-09,7.84e-09,0.0401984
1,796.935,0.142952,1.7e-07,0.819529,1e-08,2e-08,0.0375179
2,849.307,0.0874184,1.2e-07,0.871167,1e-08,1e-08,0.041414
182
0,1217.03,0.108668,9.408e-08,0.851134,7.84e-09,7.84e-09,0.0401984
1,796.935,0.142952,1.6e-07,0.819529,1e-08,2e-08,0.0375179
2,849.307,0.0874184,1.2e-07,0.871167,1e-08,1e-08,0.041414
183
0,1217.03,0.108668,9.408e-08,0.851134,7.84e-09,7.84e-09,0.0401984
1,796.935,0.142952,1.5e-07,0.81953,1e-08,2e-08,0.0375179
2,849.307,0.0874184,1.2e-07,0.871167,1e-08,1e-08,0.041414
184
0,1217.03,0.108668,9.408e-08,0.851134,7.84e-09,7.84e-09,0.0401984
1,796.935,0.142952,1.4e-07,0.81953,1e-08,2e-08,0.0375179
2,849.307,0.0874184,1.2e-07,0.871167,1e-08,1e-08,0.041414
185
0,1217.03,0.108668,9.408e-08,0.851134,7.84e-09,7.84e-09,0.0401984
1,796.935,0.142952,1.3e-07,0.81953,1e-08,2e-08,0.0375179
2,849.307,0.0874184,1.2e-07,0.871167,1e-08,1e-08,0.041414
186
0,1217.03,0.108668,9.408e-08,0.851134,7.84e-09,7.84e-09,0.0401984
1,796.935,0.142952,1.2e-07,0.81953,1e-08,2e-08,0.0375179
2,849.307,0.0874184,1.1e-07,0.871167,0,1e-08,0.041414
187
0,1217.03,0.108668,9.408e-08,0.851134,7.84e-09,7.84e-09,0.0401984
1,796.935,0.142952,1.2e-07,0.81953,1e-08,1e-08,0.0375179
2,849.307,0.0874184,1e-07,0.871167,0,1e-08,0.041414
188
0,1217.03,0.108668,9.408e-08,0.851134,7.84e-09,7.84e-09,0.0401984
1,796.935,0.142952,1.2e-07,0.81953,1e-08,1e-08,0.0375179
2,849.307,0.0874184,9e-08,0.871168,0,1e-08,0.041414
189
0,1217.03,0.108668,9.408e-08,0.851134,7.84e-09,7.84e-09,0.0401984
1,796.935,0.142952,1.2e-07,0.81953,1e-08,1e-08,0.0375179
2,849.307,0.0874184,8e-08,0.871168,0,1e-08,0.041414
190
0,1217.03,0.108668,9.408e-08,0.851134,7.84e-09,7.84e-09,0.0401984
1,796.935,0.142952,1.2e-07,0.81953,1e-08,1e-08,0.0375179
2,849.307,0.0874184,7e-08,0.871168,0,1e-08,0.041414
191
0,1217.03,0.108668,9.408e-08,0.851134,7.84e-09,7.84e-09,0.0401984
1,796.935,0.142952,1.2e-07,0.81953,1e-08,1e-08,0.0375179
2,849.307,0.0874184,6e-08,0.871168,0,1e-08,0.041414
192
0,1217.03,0.108668,9.408e-08,0.851134,7.84e-09,7.84e-09,0.0401984
1,796.935,0.142952,1.2e-07,0.81953,1e-08,1e-08,0.0375179
2,849.307,0.0874184,5e-08,0.871168,0,1e-08,0.041414
193
0,1217.03,0.108668,9.408e-08,0.851134,7.84e-09,7.84e-09,0.0401984
1,796.935,0.142952,1.2e-07,0.81953,1e-08,1e-08,0.0375179
2,849.307,0.0874184,4e-08,0.871168,0,1e-08,0.041414
194
0,1217.03,0.108668,9.408e-08,0.851134,7.84e-09,7.84e-09,0.0401984
1,796.935,0.142952,1.2e-07,0.81953,1e-08,1e-08,0.0375179
2,849.307,0.0874184,3e-08,0.871168,0,1e-08,0.041414
195
0,1217.03,0.108668,9.408e-08,0.851134,7.84e-09,7.84e-09,0.0401984
1,796.935,0.142952,1.2e-07,0.81953,1e-08,1e-08,0.0375179
2,849.307,0.0874184,2e-08,0.871168,0,1e-08,0.041414
196
0,1217.03,0.108668,9.408e-08,0.851134,7.84e-09,7.84e-09,0.0401984
1,796.935,0.142952,1.2e-07,0.81953,1e-08,1e-08,0.0375179
2,849.307,0.0874184,1e-08,0.871168,0,1e-08,0.041414
197
0,1217.03,0.108668,9.408e-08,0.851134,7.84e-09,7.84e-09,0.0401984
1,796.935,0.142952,1.2e-07,0.81953,1e-08,1e-08,0.0375179
2,849.307,0.0874184,0,0.871168,0,1e-08,0.041414
198
0,1217.03,0.108668,9.408e-08,0.851134,7.84e-09,7.84e-09,0.0401984
1,796.935,0.142952,1.2e-07,0.81953,1e-08,1e-08,0.0375179
2,849.307,0.0874184,0,0.871168,0,0,0.041414
199
0,1217.03,0.108668,9.408e-08,0.851134,7.84e-09,7.84e-09,0.0401984
1,796.935,0.142952,1.2e-07,0.81953,1e-08,1e-08,0.0375179
2,849.307,0.0874184,0,0.871168,0,0,0.041414
200
0,1217.03,0.108668,9.408e-08,0.851134,7.84e-09,7.84e-09,0.0401984
1,796.935,0.142952,1.2e-07,0.81953,1e-08,1e-08,0.0375179
2,849.307,0.0874184,0,0.871168,0,0,0.041414
201
0,1217.03,0.108668,9.408e-08,0.851134,7.84e-09,7.84e-09,0.0401984
1,796.935,0.142952,1.2e-07,0.81953,1e-08,1e-08,0.0375179
2,849.307,0.0874184,0,0.871168,0,0,0.041414
202
0,1217.03,0.108668,9.408e-08,0.851134,7.84e-09,7.84e-09,0.0401984
1,796.935,0.142952,1.2e-07,0.81953,1e-08,1e-08,0.0375179
2,849.307,0.0874184,0,0.871168,0,0,0.041414
203
0,1217.03,0.108668,9.408e-08,0.851134,7.84e-09,7.84e-09,0.0401984
1,796.935,0.142952,1.2e-07,0.81953,1e-08,1e-08,0.0375179
2,849.307,0.0874184,0,0.871168,0,0,0.041414
204
0,1217.03,0.108668,9.408e-08,0.851134,7.84e-09,7.84e-09,0.0401984
1,796.935,0.142952,1.2e-07,0.81953,1e-08,1e-08,0.0375179
2,849.307,0.0874184,0,0.871168,0,0,0.041414
205
0,1217.03,0.108668,9.408e-08,0.851134,7.84e-09,7.84e-09,0.0401984
1,796.935,0.142952,1.2e-07,0.81953,1e-08,1e-08,0.0375179
2,849.307,0.0874184,0,0.871168,0,0,0.041414
206
0,1217.03,0.108668,9.408e-08,0.851134,7.84e-09,7.84e-09,0.0401984
1,796.935,0.142952,1.2e-07,0.81953,1e-08,1e-08,0.0375179
2,849.307,0.0874184,0,0.871168,0,0,0.041414
207
0,1217.03,0.108668,9.408e-08,0.851134,7.84e-09,7.84e-09,0.0401984
1,796.935,0.142952,1.2e-07,0.81953,1e-08,1e-08,0.0375179
2,849.307,0.0874184,0,0.871168,0,0,0.041414
208
0,1217.03,0.108668,9.408e-08,0.851134,7.84e-09,7.84e-09,0.0401984
1,796.935,0.142952,1.2e-07,0.81953,1e-08,1e-08,0.0375179
2,849.307,0.0874184,0,0.871168,0,0,0.041414
209
0,1217.03,0.108668,9.408e-08,0.851134,7.84e-09,7.84e-09,0.0401984
1,796.935,0.142952,1.2e-07,0.81953,1e-08,1e-08,0.0375179
2,849.307,0.0874184,0,0.871168,0,0,0.041414
210
0,1217.03,0.108668,9.408e-08,0.851134,7.84e-09,7.84e-09,0.0401984
1,796.935,0.142952,1.2e-07,0.81953,1e-08,1e-08,0.0375179
2,849.307,0.0874184,0,0.871168,0,0,0.041414
211
0,1217.03,0.108668,9.408e-08,0.851134,7.84e-09,7.84e-09,0.0401984
1,796.935,0.142952,1.2e-07,0.81953,1e-08,1e-08,0.0375179
2,849.307,0.0874184,0,0.871168,0,0,0.041414
212
0,1217.03,0.108668,9.408e-08,0.851134,7.84e-09,7.84e-09,0.0401984
1,796.935,0.142952,1.2e-07,0.81953,1e-08,1e-08,0.0375179
2,849.307,0.0874184,0,0.871168,0,0,0.041414
213
0,1217.03,0.108668,9.408e-08,0.851134,7.84e-09,7.84e-09,0.0401984
1,796.935,0.142952,1.2e-07,0.81953,1e-08,1e-08,0.0375179
2,849.307,0.0874184,0,0.871168,0,0,0.041414
214
0,1217.03,0.108667,9.408e-08,0.851134,7.84e-09,7.84e-09,0.0401984
1,796.935,0.142952,1.2e-07,0.81953,1e-08,1e-08,0.0375179
2,849.307,0.0874184,0,0.871168,0,0,0.041414
215
0,1217.03,0.108667,9.408e-08,0.851134,7.84e-09,7.84e-09,0.0401984
1,796.935,0.142952,1.2e-07,0.81953,1e-08,1e-08,0.0375179
2,849.307,0.0874184,0,0.871168,0,0,0.041414
216
0,1217.03,0.108667,9.408e-08,0.851134,7.84e-09,7.84e-09,0.0401984
1,796.935,0.142952,1.2e-07,0.81953,1e-08,1e-08,0.0375179
2,849.307,0.0874184,0,0.871168,0,0,0.041414
217
0,1217.03,0.108667,9.408e-08,0.851134,7.84e-09,7.84e-09,0.0401984
1,796.935,0.142952,1.2e-07,0.81953,1e-08,1e-08,0.0375179
2,849.307,0.0874184,0,0.871168,0,0,0.041414
218
0,1217.03,0.108667,9.408e-08,0.851134,7.84e-09,7.84e-09,0.0401984
1,796.935,0.142952,1.2e-07,0.81953,1e-08,1e-08,0.0375179
2,849.307,0.0874184,0,0.871168,0,0,0.041414
219
0,1217.03,0.108667,9.408e-08,0.851134,7.84e-09,7.84e-09,0.0401984
1,796.935,0.142952,1.2e-07,0.81953,1e-08,1e-08,0.0375179
2,849.307,0.0874184,0,0.871168,0,0,0.041414
220
0,1217.03,0.108667,9.408e-08,0.851134,7.84e-09,7.84e-09,0.0401984
1,796.935,0.142952,1.2e-07,0.81953,1e-08,1e-08,0.0375179
2,849.307,0.0874184,0,0.871168,0,0,0.041414
221
0,1217.03,0.108667,9.408e-08,0.851134,7.84e-09,7.84e-09,0.0401984
1,796.935,0.142952,1.2e-07,0.81953,1e-08,1e-08,0.0375179
2,849.307,0.0874184,0,0.871168,0,0,0.041414
222
0,1217.03,0.108667,9.408e-08,0.851134,7.84e-09,7.84e-09,0.0401984
1,796.935,0.142952,1.2e-07,0.81953,1e-08,1e-08,0.0375179
2,849.307,0.0874184,0,0.871168,0,0,0.041414
223
0,1217.03,0.108667,9.408e-08,0.851134,7.84e-09,7.84e-09,0.0401984
1,796.935,0.142952,1.2e-07,0.81953,1e-08,1e-08,0.0375179
2,849.307,0.0874184,0,0.871168,0,0,0.041414
224
0,1217.03,0.108667,9.408e-08,0.851134,7.84e-09,7.84e-09,0.0401984
1,796.935,0.142952,1.2e-07,0.81953,1e-08,1e-08,0.0375179
2,849.307,0.0874184,0,0.871168,0,0,0.041414
225
0,1217.03,0.108667,9.408e-08,0.851134,7.84e-09,7.84e-09,0.0401984
1,796.935,0.142952,1.2e-07,0.81953,1e-08,1e-08,0.0375179
2,849.307,0.0874184,0,0.871168,0,0,0.041414
226
0,1217.03,0.108667,9.408e-08,0.851134,7.84e-09,7.84e-09,0.0401984
1,796.935,0.142952,1.2e-07,0.81953,1e-08,1e-08,0.0375179
2,849.307,0.0874184,0,0.871168,0,0,0.041414
227
0,1217.03,0.108667,9.408e-08,0.851134,7.84e-09,7.84e-09,0.0401984
1,796.935,0.142952,1.2e-07,0.81953,1e-08,1e-08,0.0375179
2,849.307,0.0874184,0,0.871168,0,0,0.041414
228
0,1217.03,0.108667,9.408e-08,0.851134,7.84e-09,7.84e-09,0.0401984
1,796.935,0.142952,1.2e-07,0.81953,1e-08,1e-08,0.0375179
2,849.307,0.0874184,0,0.871168,0,0,0.041414
229
0,1217.03,0.108667,9.408e-08,0.851134,7.84e-09,7.84e-09,0.0401984
1,796.935,0.142952,1.2e-07,0.81953,1e-08,1e-08,0.0375179
230
0,1217.03,0.108667,9.408e-08,0.851134,7.84e-09,7.84e-09,0.0401984
1,796.935,0.142952,1.2e-07,0.81953,1e-08,1e-08,0.0375179
231
0,1217.03,0.108667,9.408e-08,0.851134,7.84e-09,7.84e-09,0.0401984
1,796.935,0.142952,1.2e-07,0.81953,1e-08,1e-08,0.0375179
232
0,1217.03,0.108667,9.408e-08,0.851134,7.84e-09,7.84e-09,0.0401984
1,796.935,0.142952,1.2e-07,0.81953,1e-08,1e-08,0.0375179
233
0,1217.03,0.108667,9.408e-08,0.851134,7.84e-09,7.84e-09,0.0401984
1,796.935,0.142952,1.2e-07,0.81953,1e-08,1e-08,0.0375179
234
0,1217.03,0.108667,9.408e-08,0.851134,7.84e-09,7.84e-09,0.0401984
1,796.935,0.142952,1.2e-07,0.81953,1e-08,1e-08,0.0375179
235
0,1217.03,0.108667,9.408e-08,0.851134,7.84e-09,7.84e-09,0.0401984
1,796.935,0.142952,1.2e-07,0.81953,1e-08,1e-08,0.0375179
236
0,1217.03,0.108667,9.408e-08,0.851134,7.84e-09,7.84e-09,0.0401984
1,796.935,0.142952,1.2e-07,0.81953,1e-08,1e-08,0.0375179
237
0,1217.03,0.108667,9.408e-08,0.851134,7.84e-09,7.84e-09,0.0401984
1,796.935,0.142952,1.2e-07,0.81953,1e-08,1e-08,0.0375179
238
0,1217.03,0.108667,9.408e-08,0.851134,7.84e-09,7.84e-09,0.0401984
1,796.935,0.142952,1.2e-07,0.81953,1e-08,1e-08,0.0375179
239
0,1217.03,0.108667,9.408e-08,0.851134,7.84e-09,7.84e-09,0.0401984
1,796.935,0.142952,1.2e-07,0.81953,1e-08,1e-08,0.0375179
240
0,1217.03,0.108667,9.408e-08,0.851134,7.84e-09,7.84e-09,0.0401984
1,796.935,0.142952,1.2e-07,0.81953,1e-08,1e-08,0.0375179
241
0,1217.03,0.108667,9.408e-08,0.851134,7.84e-09,7.84e-09,0.0401984
1,796.935,0.142952,1.2e-07,0.81953,1e-08,1e-08,0.0375179
242
0,1217.03,0.108667,9.408e-08,0.851134,7.84e-09,7.84e-09,0.0401984
1,796.935,0.142952,1.2e-07,0.81953,1e-08,1e-08,0.0375179
243
0,1217.03,0.108667,9.408e-08,0.851134,7.84e-09,7.84e-09,0.0401984
1,796.935,0.142952,1.2e-07,0.81953,1e-08,1e-08,0.0375179
244
0,1217.03,0.108667,9.408e-08,0.851134,7.84e-09,7.84e-09,0.0401984
1,796.935,0.142952,1.2e-07,0.81953,1e-08,1e-08,0.0375179
245
0,1217.03,0.108667,9.408e-08,0.851134,7.84e-09,7.84e-09,0.0401984
1,796.935,0.142952,1.2e-07,0.81953,1e-08,1e-08,0.0375179
246
0,1217.03,0.108667,9.408e-08,0.851134,7.84e-09,7.84e-09,0.0401984
1,796.935,0.142952,1.2e-07,0.81953,1e-08,1e-08,0.0375179
247
0,1217.03,0.108667,9.408e-08,0.851134,7.84e-09,7.84e-09,0.0401984
1,796.935,0.142952,1.2e-07,0.81953,1e-08,1e-08,0.0375179
248
0,1217.03,0.108667,9.408e-08,0.851134,7.84e-09,7.84e-09,0.0401984
1,796.935,0.142952,1.2e-07,0.81953,1e-08,1e-08,0.0375179
249
0,1217.03,0.108667,9.408e-08,0.851134,7.84e-09,7.84e-09,0.0401984
1,796.935,0.142952,1.2e-07,0.81953,1e-08,1e-08,0.0375179
250
0,1217.03,0.108667,9.408e-08,0.851134,7.84e-09,7.84e-09,0.0401984
1,796.935,0.142952,1.2e-07,0.81953,1e-08,1e-08,0.0375179
251
0,1217.03,0.108667,9.408e-08,0.851134,7.84e-09,7.84e-09,0.0401984
1,796.935,0.142952,1.2e-07,0.81953,1e-08,1e-08,0.0375179
252
0,1217.03,0.108667,9.408e-08,0.851134,7.84e-09,7.84e-09,0.0401984
1,796.935,0.142952,1.2e-07,0.81953,1e-08,1e-08,0.0375179
253
0,1217.03,0.108667,9.408e-08,0.851134,7.84e-09,7.84e-09,0.0401984
1,796.935,0.142952,1.2e-07,0.81953,1e-08,1e-08,0.0375179
254
0,1217.03,0.108667,9.408e-08,0.851134,7.84e-09,7.84e-09,0.0401984
1,796.935,0.142952,1.2e-07,0.81953,1e-08,1e-08,0.0375179
255
0,1217.03,0.108667,9.408e-08,0.851134,7.84e-09,7.84e-09,0.0401984
1,796.935,0.142952,1.2e-07,0.81953,1e-08,1e-08,0.0375179
256
0,1217.03,0.108667,9.408e-08,0.851134,7.84e-09,7.84e-09,0.0401984
1,796.935,0.142952,1.2e-07,0.81953,1e-08,1e-08,0.0375179
257
0,1217.03,0.108667,9.408e-08,0.851134,7.84e-09,7.84e-09,0.0401984
1,796.935,0.142952,1.2e-07,0.81953,1e-08,1e-08,0.0375179
258
0,1217.03,0.108667,9.408e-08,0.851134,7.84e-09,7.84e-09,0.0401984
1,796.935,0.142952,1.2e-07,0.81953,1e-08,1e-08,0.0375179
259
0,1217.03,0.108667,9.408e-08,0.851134,7.84e-09,7.84e-09,0.0401984
1,796.935,0.142952,1.2e-07,0.81953,1e-08,1e-08,0.0375179
260
0,1217.03,0.108667,9.408e-08,0.851134,7.84e-09,7.84e-09,0.0401984
1,796.935,0.142952,1.2e-07,0.81953,1e-08,1e-08,0.0375179
261
0,1217.03,0.108667,9.408e-08,0.851134,7.84e-09,7.84e-09,0.0401984
1,796.935,0.142952,1.2e-07,0.81953,1e-08,1e-08,0.0375179
262
0,1217.03,0.108667,9.408e-08,0.851134,7.84e-09,7.84e-09,0.0401984
1,796.935,0.142952,1.2e-07,0.81953,1e-08,1e-08,0.0375179
263
0,1217.03,0.108667,9.408e-08,0.851134,7.84e-09,7.84e-09,0.0401984
1,796.935,0.142952,1.2e-07,0.81953,1e-08,1e-08,0.0375179
264
0,1217.03,0.108667,9.408e-08,0.851134,7.84e-09,7.84e-09,0.0401984
1,796.935,0.142952,1.2e-07,0.81953,1e-08,1e-08,0.0375179
265
0,1217.03,0.108667,9.408e-08,0.851134,7.84e-09,7.84e-09,0.0401984
1,796.935,0.142952,1.2e-07,0.81953,1e-08,1e-08,0.0375179
266
0,1217.03,0.108667,9.408e-08,0.851134,7.84e-09,7.84e-09,0.0401984
1,796.935,0.142952,1.2e-07,0.81953,1e-08,1e-08,0.0375179
267
0,1217.03,0.108667,9.408e-08,0.851134,7.84e-09,7.84e-09,0.0401984
1,796.935,0.142952,1.2e-07,0.81953,1e-08,1e-08,0.0375179
268
0,1217.03,0.108667,9.408e-08,0.851134,7.84e-09,7.84e-09,0.0401984
1,796.935,0.142952,1.2e-07,0.81953,1e-08,1e-08,0.0375179
269
0,1217.03,0.108667,9.408e-08,0.851134,7.84e-09,7.84e-09,0.0401984
1,796.935,0.142952,1.2e-07,0.81953,1e-08,1e-08,0.0375179
270
0,1217.03,0.108667,9.408e-08,0.851134,7.84e-09,7.84e-09,0.0401984
1,796.935,0.142952,1.2e-07,0.81953,1e-08,1e-08,0.0375179
271
0,1217.03,0.108667,9.408e-08,0.851134,7.84e-09,7.84e-09,0.0401984
1,796.935,0.142952,1.2e-07,0.81953,1e-08,1e-08,0.0375179
272
0,1217.03,0.108667,9.408e-08,0.851134,7.84e-09,7.84e-09,0.0401984
1,796.935,0.142952,1.2e-07,0.81953,1e-08,1e-08,0.0375179
273
0,1217.03,0.108667,9.408e-08,0.851134,7.84e-09,7.84e-09,0.0401984
1,796.935,0.142952,1.2e-07,0.81953,1e-08,1e-08,0.0375179
274
0,1217.03,0.108667,9.408e-08,0.851134,7.84e-09,7.84e-09,0.0401984
1,796.935,0.142952,1.2e-07,0.81953,1e-08,1e-08,0.0375179
275
0,1217.03,0.108667,9.408e-08,0.851134,7.84e-09,7.84e-09,0.0401984
1,796.935,0.142952,1.2e-07,0.81953,1e-08,1e-08,0.0375179
276
0,1217.03,0.108667,9.408e-08,0.851134,7.84e-09,7.84e-09,0.0401984
1,796.935,0.142952,1.2e-07,0.81953,1e-08,1e-08,0.0375179
277
0,1217.03,0.108667,9.408e-08,0.851134,7.84e-09,7.84e-09,0.0401984
1,796.935,0.142952,1.2e-07,0.81953,1e-08,1e-08,0.0375179
278
0,1217.03,0.108667,9.408e-08,0.851134,7.84e-09,7.84e-09,0.0401984
1,796.935,0.142951,1.2e-07,0.81953,1e-08,1e-08,0.0375179
279
0,1217.03,0.108667,9.408e-08,0.851134,7.84e-09,7.84e-09,0.0401984
1,796.935,0.142951,1.2e-07,0.81953,1e-08,1e-08,0.0375179
280
0,1217.03,0.108667,9.408e-08,0.851134,7.84e-09,7.84e-09,0.0401984
1,796.935,0.142951,1.2e-07,0.819531,1e-08,1e-08,0.0375179
281
0,1217.03,0.108667,9.408e-08,0.851135,7.84e-09,7.84e-09,0.0401984
1,796.935,0.142951,1.2e-07,0.819531,1e-08,1e-08,0.0375179
282
0,1217.03,0.108667,9.408e-08,0.851135,7.84e-09,7.84e-09,0.0401984
1,796.935,0.142951,1.2e-07,0.819531,1e-08,1e-08,0.0375179
283
0,1217.03,0.108667,9.408e-08,0.851135,7.84e-09,7.84e-09,0.0401984
1,796.935,0.142951,1.2e-07,0.819531,1e-08,1e-08,0.0375179
284
0,1217.03,0.108667,9.408e-08,0.851135,7.84e-09,7.84e-09,0.0401984
1,796.935,0.142951,1.2e-07,0.819531,1e-08,1e-08,0.0375179
285
0,1217.03,0.108667,9.408e-08,0.851135,7.84e-09,7.84e-09,0.0401984
1,796.935,0.142951,1.2e-07,0.819531,1e-08,1e-08,0.0375179
286
0,1217.03,0.108667,9.408e-08,0.851135,7.84e-09,7.84e-09,0.0401984
1,796.935,0.142951,1.2e-07,0.819531,1e-08,1e-08,0.0375179
287
0,1217.03,0.108667,9.408e-08,0.851135,7.84e-09,7.84e-09,0.0401984
1,796.935,0.142951,1.2e-07,0.819531,1e-08,1e-08,0.0375179
288
0,1217.03,0.108667,9.408e-08,0.851135,7.84e-09,7.84e-09,0.0401984
1,796.935,0.142951,1.2e-07,0.819531,1e-08,1e-08,0.0375179
289
0,1217.03,0.108667,9.408e-08,0.851135,7.84e-09,7.84e-09,0.0401984
1,796.935,0.142951,1.2e-07,0.819531,1e-08,1e-08,0.0375179
290
0,1217.03,0.108667,9.408e-08,0.851135,7.84e-09,7.84e-09,0.0401984
1,796.935,0.142951,1.2e-07,0.819531,1e-08,1e-08,0.0375179
291
0,1217.03,0.108667,9.408e-08,0.851135,7.84e-09,7.84e-09,0.0401984
1,796.935,0.142951,1.2e-07,0.819531,1e-08,1e-08,0.0375179
292
0,1217.03,0.108667,9.408e-08,0.851135,7.84e-09,7.84e-09,0.0401984
1,796.935,0.142951,1.2e-07,0.819531,1e-08,1e-08,0.0375179
293
0,1217.03,0.108667,9.408e-08,0.851135,7.84e-09,7.84e-09,0.0401984
1,796.935,0.142951,1.2e-07,0.819531,1e-08,1e-08,0.0375179
294
0,1217.03,0.108667,9.408e-08,0.851135,7.84e-09,7.84e-09,0.0401984
1,796.935,0.142951,1.2e-07,0.819531,1e-08,1e-08,0.0375179
295
0,1217.03,0.108667,9.408e-08,0.851135,7.84e-09,7.84e-09,0.0401984
1,796.935,0.142951,1.2e-07,0.819531,1e-08,1e-08,0.0375179
296
0,1217.03,0.108667,9.408e-08,0.851135,7.84e-09,7.84e-09,0.0401984
1,796.935,0.142951,1.2e-07,0.819531,1e-08,1e-08,0.0375179
297
0,1217.03,0.108667,9.408e-08,0.851135,7.84e-09,7.84e-09,0.0401984
1,796.935,0.142951,1.2e-07,0.819531,1e-08,1e-08,0.0375179
298
0,1217.03,0.108667,9.408e-08,0.851135,7.84e-09,7.84e-09,0.0401984
1,796.935,0.142951,1.2e-07,0.819531,1e-08,1e-08,0.0375179
299
0,1217.03,0.108667,9.408e-08,0.851135,7.84e-09,7.84e-09,0.0401984
1,796.935,0.142951,1.2e-07,0.819531,1e-08,1e-08,0.0375179
300
0,1217.03,0.108667,9.408e-08,0.851135,7.84e-09,7.84e-09,0.0401984
1,796.935,0.142951,1.2e-07,0.819531,1e-08,1e-08,0.0375179
301
0,1217.03,0.108667,9.408e-08,0.851135,7.84e-09,7.84e-09,0.0401984
1,796.935,0.142951,1.2e-07,0.819531,1e-08,1e-08,0.0375179
302
0,1217.03,0.108667,9.408e-08,0.851135,7.84e-09,7.84e-09,0.0401984
1,796.935,0.142951,1.2e-07,0.819531,1e-08,1e-08,0.0375179
303
0,1217.03,0.108667,9.408e-08,0.851135,7.84e-09,7.84e-09,0.0401984
1,796.935,0.142951,1.2e-07,0.819531,1e-08,1e-08,0.0375179
304
0,1217.03,0.108667,9.408e-08,0.851135,7.84e-09,7.84e-09,0.0401984
1,796.935,0.142951,1.2e-07,0.819531,1e-08,1e-08,0.0375179
305
0,1217.03,0.108667,9.408e-08,0.851135,7.84e-09,7.84e-09,0.0401984
1,796.935,0.142951,1.2e-07,0.819531,1e-08,1e-08,0.0375179
306
0,1217.03,0.108667,9.408e-08,0.851135,7.84e-09,7.84e-09,0.0401984
1,796.935,0.142951,1.2e-07,0.819531,1e-08,1e-08,0.0375179
307
0,1217.03,0.108667,9.408e-08,0.851135,7.84e-09,7.84e-09,0.0401984
1,796.935,0.142951,1.2e-07,0.819531,1e-08,1e-08,0.0375179
308
0,1217.03,0.108667,9.408e-08,0.851135,7.84e-09,7.84e-09,0.0401984
1,796.935,0.142951,1.2e-07,0.819531,1e-08,1e-08,0.0375179
309
0,1217.03,0.108667,9.408e-08,0.851135,7.84e-09,7.84e-09,0.0401984
1,796.935,0.142951,1.2e-07,0.819531,1e-08,1e-08,0.0375179
310
0,1217.03,0.108667,9.408e-08,0.851135,7.84e-09,7.84e-09,0.0401984
1,796.935,0.142951,1.2e-07,0.819531,1e-08,1e-08,0.0375179
311
0,1217.03,0.108667,9.408e-08,0.851135,7.84e-09,7.84e-09,0.0401984
1,796.935,0.142951,1.2e-07,0.819531,1e-08,1e-08,0.0375179
312
0,1217.03,0.108667,9.408e-08,0.851135,7.84e-09,7.84e-09,0.0401984
1,796.935,0.142951,1.2e-07,0.819531,1e-08,1e-08,0.0375179
313
0,1217.03,0.108667,9.408e-08,0.851135,7.84e-09,7.84e-09,0.0401984
1,796.935,0.142951,1.2e-07,0.819531,1e-08,1e-08,0.0375179
314
0,1217.03,0.108667,9.408e-08,0.851135,7.84e-09,7.84e-09,0.0401984
1,796.935,0.142951,1.2e-07,0.819531,1e-08,1e-08,0.0375179
315
0,1217.03,0.108667,9.408e-08,0.851135,7.84e-09,7.84e-09,0.0401984
1,796.935,0.142951,1.2e-07,0.819531,1e-08,1e-08,0.0375179
316
0,1217.03,0.108667,9.408e-08,0.851135,7.84e-09,7.84e-09,0.0401984
1,796.935,0.142951,1.2e-07,0.819531,1e-08,1e-08,0.0375179
317
0,1217.03,0.108667,9.408e-08,0.851135,7.84e-09,7.84e-09,0.0401984
1,796.935,0.142951,1.2e-07,0.819531,1e-08,1e-08,0.0375179
318
0,1217.03,0.108667,9.408e-08,0.851135,7.84e-09,7.84e-09,0.0401984
1,796.935,0.142951,1.2e-07,0.819531,1e-08,1e-08,0.0375179
319
0,1217.03,0.108667,9.408e-08,0.851135,7.84e-09,7.84e-09,0.0401984
1,796.935,0.142951,1.2e-07,0.819531,1e-08,1e-08,0.0375179
320
0,1217.03,0.108667,9.408e-08,0.851135,7.84e-09,7.84e-09,0.0401984
1,796.935,0.142951,1.2e-07,0.819531,1e-08,1e-08,0.0375179
321
0,1217.03,0.108667,9.408e-08,0.851135,7.84e-09,7.84e-09,0.0401984
1,796.935,0.142951,1.2e-07,0.819531,1e-08,1e-08,0.0375179
322
0,1217.03,0.108667,9.408e-08,0.851135,7.84e-09,7.84e-09,0.0401984
1,796.935,0.142951,1.2e-07,0.819531,1e-08,1e-08,0.0375179
323
0,1217.03,0.108667,9.408e-08,0.851135,7.84e-09,7.84e-09,0.0401984
1,796.935,0.142951,1.2e-07,0.819531,1e-08,1e-08,0.0375179
324
0,1217.03,0.108667,9.408e-08,0.851135,7.84e-09,7.84e-09,0.0401984
1,796.935,0.142951,1.2e-07,0.819531,1e-08,1e-08,0.0375179
325
0,1217.03,0.108667,9.408e-08,0.851135,7.84e-09,7.84e-09,0.0401984
1,796.935,0.142951,1.2e-07,0.819531,1e-08,1e-08,0.0375179
326
0,1217.03,0.108667,9.408e-08,0.851135,7.84e-09,7.84e-09,0.0401984
1,796.935,0.142951,1.2e-07,0.819531,1e-08,1e-08,0.0375179
327
0,1217.03,0.108667,9.408e-08,0.851135,7.84e-09,7.84e-09,0.0401984
1,796.935,0.142951,1.2e-07,0.819531,1e-08,1e-08,0.0375179
328
0,1217.03,0.108667,9.408e-08,0.851135,7.84e-09,7.84e-09,0.0401984
1,796.935,0.142951,1.2e-07,0.819531,1e-08,1e-08,0.0375179
329
0,1217.03,0.108667,9.408e-08,0.851135,7.84e-09,7.84e-09,0.0401984
1,796.935,0.142951,1.2e-07,0.819531,1e-08,1e-08,0.0375179
330
0,1217.03,0.108667,9.408e-08,0.851135,7.84e-09,7.84e-09,0.0401984
1,796.935,0.142951,1.2e-07,0.819531,1e-08,1e-08,0.0375179
331
0,1217.03,0.108667,9.408e-08,0.851135,7.84e-09,7.84e-09,0.0401984
1,796.935,0.142951,1.2e-07,0.819531,1e-08,1e-08,0.0375179
332
0,1217.03,0.108667,9.408e-08,0.851135,7.84e-09,7.84e-09,0.0401984
1,796.935,0.142951,1.2e-07,0.819531,1e-08,1e-08,0.0375179
333
0,1217.03,0.108667,9.408e-08,0.851135,7.84e-09,7.84e-09,0.0401984
1,796.935,0.142951,1.2e-07,0.819531,1e-08,1e-08,0.0375179
334
0,1217.03,0.108667,9.408e-08,0.851135,7.84e-09,7.84e-09,0.0401984
1,796.935,0.142951,1.2e-07,0.819531,1e-08,1e-08,0.0375179
335
0,1217.03,0.108667,9.408e-08,0.851135,7.84e-09,7.84e-09,0.0401984
1,796.935,0.142951,1.2e-07,0.819531,1e-08,1e-08,0.0375179
336
0,1217.03,0.108667,9.408e-08,0.851135,7.84e-09,7.84e-09,0.0401984
1,796.935,0.142951,1.2e-07,0.819531,1e-08,1e-08,0.0375179
337
0,1217.03,0.108667,9.408e-08,0.851135,7.84e-09,7.84e-09,0.0401984
1,796.935,0.142951,1.2e-07,0.819531,1e-08,1e-08,0.0375179
338
0,1217.03,0.108667,9.408e-08,0.851135,7.84e-09,7.84e-09,0.0401984
1,796.935,0.142951,1.2e-07,0.819531,1e-08,1e-08,0.0375179
339
0,1217.03,0.108667,9.408e-08,0.851135,7.84e-09,7.84e-09,0.0401984
1,796.935,0.142951,1.2e-07,0.819531,1e-08,1e-08,0.0375179
340
0,1217.03,0.108667,9.408e-08,0.851135,7.84e-09,7.84e-09,0.0401984
1,796.935,0.142951,1.2e-07,0.819531,1e-08,1e-08,0.0375179
341
0,1217.03,0.108667,9.408e-08,0.851135,7.84e-09,7.84e-09,0.0401984
1,796.935,0.142951,1.2e-07,0.819531,1e-08,1e-08,0.0375179
342
0,1217.03,0.108666,9.408e-08,0.851135,7.84e-09,7.84e-09,0.0401984
1,796.935,0.142951,1.2e-07,0.819531,1e-08,1e-08,0.0375179
343
0,1217.03,0.108666,9.408e-08,0.851135,7.84e-09,7.84e-09,0.0401984
1,796.935,0.142951,1.2e-07,0.819531,1e-08,1e-08,0.0375179
344
0,1217.03,0.108666,9.408e-08,0.851135,7.84e-09,7.84e-09,0.0401984
1,796.935,0.142951,1.2e-07,0.819531,1e-08,1e-08,0.0375179
345
0,1217.03,0.108666,9.408e-08,0.851135,7.84e-09,7.84e-09,0.0401984
1,796.935,0.142951,1.2e-07,0.819531,1e-08,1e-08,0.0375179
346
0,1217.03,0.108666,9.408e-08,0.851135,7.84e-09,7.84e-09,0.0401984
1,796.935,0.142951,1.2e-07,0.819531,1e-08,1e-08,0.0375179
347
0,1217.03,0.108666,9.408e-08,0.851135,7.84e-09,7.84e-09,0.0401984
1,796.935,0.142951,1.2e-07,0.819531,1e-08,1e-08,0.0375179
348
0,1217.03,0.108666,9.408e-08,0.851135,7.84e-09,7.84e-09,0.0401984
1,796.935,0.142951,1.2e-07,0.819531,1e-08,1e-08,0.0375179
349
0,1217.03,0.108666,9.408e-08,0.851135,7.84e-09,7.84e-09,0.0401984
1,796.935,0.142951,1.2e-07,0.819531,1e-08,1e-08,0.0375179
350
0,1217.03,0.108666,9.408e-08,0.851135,7.84e-09,7.84e-09,0.0401984
1,796.935,0.142951,1.2e-07,0.819531,1e-08,1e-08,0.0375179
351
0,1217.03,0.108666,9.408e-08,0.851135,7.84e-09,7.84e-09,0.0401984
1,796.935,0.142951,1.2e-07,0.819531,1e-08,1e-08,0.0375179
352
0,1217.03,0.108666,9.408e-08,0.851135,7.84e-09,7.84e-09,0.0401984
1,796.935,0.142951,1.2e-07,0.819531,1e-08,1e-08,0.0375179
353
0,1217.03,0.108666,9.408e-08,0.851135,7.84e-09,7.84e-09,0.0401984
1,796.935,0.142951,1.2e-07,0.819531,1e-08,1e-08,0.0375179
354
0,1217.03,0.108666,9.408e-08,0.851135,7.84e-09,7.84e-09,0.0401984
1,796.935,0.142951,1.2e-07,0.819531,1e-08,1e-08,0.0375179
355
0,1217.03,0.108666,9.408e-08,0.851135,7.84e-09,7.84e-09,0.0401984
1,796.935,0.142951,1.2e-07,0.819531,1e-08,1e-08,0.0375179
356
0,1217.03,0.108666,9.408e-08,0.851135,7.84e-09,7.84e-09,0.0401984
1,796.935,0.142951,1.2e-07,0.819531,1e-08,1e-08,0.0375179
357
0,1217.03,0.108666,9.408e-08,0.851135,7.84e-09,7.84e-09,0.0401984
1,796.935,0.142951,1.2e-07,0.819531,1e-08,1e-08,0.0375179
358
0,1217.03,0.108666,9.408e-08,0.851135,7.84e-09,7.84e-09,0.0401984
1,796.935,0.142951,1.2e-07,0.819531,1e-08,1e-08,0.0375179
359
0,1217.03,0.108666,9.408e-08,0.851135,7.84e-09,7.84e-09,0.0401984
1,796.935,0.142951,1.2e-07,0.819531,1e-08,1e-08,0.0375179
360
0,1217.03,0.108666,9.408e-08,0.851135,7.84e-09,7.84e-09,0.0401984
1,796.935,0.142951,1.2e-07,0.819531,1e-08,1e-08,0.0375179
361
0,1217.03,0.108666,9.408e-08,0.851135,7.84e-09,7.84e-09,0.0401984
1,796.935,0.142951,1.2e-07,0.819531,1e-08,1e-08,0.0375179
362
0,1217.03,0.108666,9.408e-08,0.851135,7.84e-09,7.84e-09,0.0401984
1,796.935,0.142951,1.2e-07,0.819531,1e-08,1e-08,0.0375179
363
0,1217.03,0.108666,9.408e-08,0.851135,7.84e-09,7.84e-09,0.0401984
1,796.935,0.142951,1.2e-07,0.819531,1e-08,1e-08,0.0375179
364
0,1217.03,0.108666,9.408e-08,0.851135,7.84e-09,7.84e-09,0.0401984
1,796.935,0.142951,1.2e-07,0.819531,1e-08,1e-08,0.0375179
365
0,1217.03,0.108666,9.408e-08,0.851135,7.84e-09,7.84e-09,0.0401984
1,796.935,0.142951,1.2e-07,0.819531,1e-08,1e-08,0.0375179
366
0,1217.03,0.108666,9.408e-08,0.851135,7.84e-09,7.84e-09,0.0401984
1,796.935,0.142951,1.2e-07,0.819531,1e-08,1e-08,0.0375179
367
0,1217.03,0.108666,9.408e-08,0.851135,7.84e-09,7.84e-09,0.0401984
1,796.935,0.142951,1.2e-07,0.819531,1e-08,1e-08,0.0375179
368
0,1217.03,0.108666,9.408e-08,0.851135,7.84e-09,7.84e-09,0.0401984
1,796.935,0.142951,1.2e-07,0.819531,1e-08,1e-08,0.0375179
369
0,1217.03,0.108666,9.408e-08,0.851135,7.84e-09,7.84e-09,0.0401984
1,796.935,0.142951,1.2e-07,0.819531,1e-08,1e-08,0.0375179
370
0,1217.03,0.108666,9.408e-08,0.851135,7.84e-09,7.84e-09,0.0401984
1,796.935,0.142951,1.2e-07,0.819531,1e-08,1e-08,0.0375179
371
0,1217.03,0.108666,9.408e-08,0.851135,7.84e-09,7.84e-09,0.0401984
1,796.935,0.142951,1.2e-07,0.819531,1e-08,1e-08,0.0375179
372
0,1217.03,0.108666,9.408e-08,0.851135,7.84e-09,7.84e-09,0.0401984
1,796.935,0.142951,1.2e-07,0.819531,1e-08,1e-08,0.0375179
373
0,1217.03,0.108666,9.408e-08,0.851135,7.84e-09,7.84e-09,0.0401984
1,796.935,0.142951,1.2e-07,0.819531,1e-08,1e-08,0.0375179
374
0,1217.03,0.108666,9.408e-08,0.851135,7.84e-09,7.84e-09,0.0401984
1,796.935,0.142951,1.2e-07,0.819531,1e-08,1e-08,0.0375179
375
0,1217.03,0.108666,9.408e-08,0.851135,7.84e-09,7.84e-09,0.0401984
1,796.935,0.142951,1.2e-07,0.819531,1e-08,1e-08,0.0375179
376
0,1217.03,0.108666,9.408e-08,0.851135,7.84e-09,7.84e-09,0.0401984
1,796.935,0.142951,1.2e-07,0.819531,1e-08,1e-08,0.0375179
377
0,1217.03,0.108666,9.408e-08,0.851135,7.84e-09,7.84e-09,0.0401984
1,796.935,0.142951,1.2e-07,0.819531,1e-08,1e-08,0.0375179
378
0,1217.03,0.108666,9.408e-08,0.851135,7.84e-09,7.84e-09,0.0401984
1,796.935,0.14295,1.2e-07,0.819531,1e-08,1e-08,0.0375179
379
0,1217.03,0.108666,9.408e-08,0.851135,7.84e-09,7.84e-09,0.0401984
1,796.935,0.14295,1.2e-07,0.819532,1e-08,1e-08,0.0375179
380
0,1217.03,0.108666,9.408e-08,0.851135,7.84e-09,7.84e-09,0.0401984
1,796.935,0.14295,1.2e-07,0.819532,1e-08,1e-08,0.0375179
381
0,1217.03,0.108666,9.408e-08,0.851135,7.84e-09,7.84e-09,0.0401984
1,796.935,0.14295,1.2e-07,0.819532,1e-08,1e-08,0.0375179
382
0,1217.03,0.108666,9.408e-08,0.851135,7.84e-09,7.84e-09,0.0401984
1,796.935,0.14295,1.2e-07,0.819532,1e-08,1e-08,0.0375179
383
0,1217.03,0.108666,9.408e-08,0.851135,7.84e-09,7.84e-09,0.0401984
1,796.935,0.14295,1.2e-07,0.819532,1e-08,1e-08,0.0375179
384
0,1217.03,0.108666,9.408e-08,0.851135,7.84e-09,7.84e-09,0.0401984
1,796.935,0.14295,1.2e-07,0.819532,1e-08,1e-08,0.0375179
385
0,1217.03,0.108666,9.408e-08,0.851135,7.84e-09,7.84e-09,0.0401984
1,796.935,0.14295,1.2e-07,0.819532,1e-08,1e-08,0.0375179
386
0,1217.03,0.108666,9.408e-08,0.851135,7.84e-09,7.84e-09,0.0401984
1,796.935,0.14295,1.2e-07,0.819532,1e-08,1e-08,0.0375179
387
0,1217.03,0.108666,9.408e-08,0.851135,7.84e-09,7.84e-09,0.0401984
1,796.935,0.14295,1.2e-07,0.819532,1e-08,1e-08,0.0375179
388
0,1217.03,0.108666,9.408e-08,0.851135,7.84e-09,7.84e-09,0.0401984
1,796.935,0.14295,1.2e-07,0.819532,1e-08,1e-08,0.0375179
389
0,1217.03,0.108666,9.408e-08,0.851135,7.84e-09,7.84e-09,0.0401984
1,796.935,0.14295,1.2e-07,0.819532,1e-08,1e-08,0.0375179
390
0,1217.03,0.108666,9.408e-08,0.851135,7.84e-09,7.84e-09,0.0401984
1,796.935,0.14295,1.2e-07,0.819532,1e-08,1e-08,0.0375179
391
0,1217.03,0.108666,9.408e-08,0.851135,7.84e-09,7.84e-09,0.0401984
1,796.935,0.14295,1.2e-07,0.819532,1e-08,1e-08,0.0375179
392
0,1217.03,0.108666,9.408e-08,0.851135,7.84e-09,7.84e-09,0.0401984
1,796.935,0.14295,1.2e-07,0.819532,1e-08,1e-08,0.0375179
393
0,1217.03,0.108666,9.408e-08,0.851135,7.84e-09,7.84e-09,0.0401984
1,796.935,0.14295,1.2e-07,0.819532,1e-08,1e-08,0.0375179
394
0,1217.03,0.108666,9.408e-08,0.851135,7.84e-09,7.84e-09,0.0401984
1,796.935,0.14295,1.2e-07,0.819532,1e-08,1e-08,0.0375179
395
0,1217.03,0.108666,9.408e-08,0.851135,7.84e-09,7.84e-09,0.0401984
1,796.935,0.14295,1.2e-07,0.819532,1e-08,1e-08,0.0375179
396
0,1217.03,0.108666,9.408e-08,0.851135,7.84e-09,7.84e-09,0.0401984
1,796.935,0.14295,1.2e-07,0.819532,1e-08,1e-08,0.0375179
397
0,1217.03,0.108666,9.408e-08,0.851135,7.84e-09,7.84e-09,0.0401984
1,796.935,0.14295,1.2e-07,0.819532,1e-08,1e-08,0.0375179
398
0,1217.03,0.108666,9.408e-08,0.851135,7.84e-09,7.84e-09,0.0401984
1,796.935,0.14295,1.2e-07,0.819532,1e-08,1e-08,0.0375179
399
0,1217.03,0.108666,9.408e-08,0.851135,7.84e-09,7.84e-09,0.0401984
1,796.935,0.14295,1.2e-07,0.819532,1e-08,1e-08,0.0375179
400
0,1217.03,0.108666,9.408e-08,0.851135,7.84e-09,7.84e-09,0.0401984
1,796.935,0.14295,1.2e-07,0.819532,1e-08,1e-08,0.0375179
401
0,1217.03,0.108666,9.408e-08,0.851135,7.84e-09,7.84e-09,0.0401984
1,796.935,0.14295,1.2e-07,0.819532,1e-08,1e-08,0.0375179
402
0,1217.03,0.108666,9.408e-08,0.851135,7.84e-09,7.84e-09,0.0401984
1,796.935,0.14295,1.2e-07,0.819532,1e-08,1e-08,0.0375179
403
0,1217.03,0.108666,9.408e-08,0.851135,7.84e-09,7.84e-09,0.0401984
1,796.935,0.14295,1.2e-07,0.819532,1e-08,1e-08,0.0375179
404
0,1217.03,0.108666,9.408e-08,0.851135,7.84e-09,7.84e-09,0.0401984
1,796.935,0.14295,1.2e-07,0.819532,1e-08,1e-08,0.0375179
405
0,1217.03,0.108666,9.408e-08,0.851135,7.84e-09,7.84e-09,0.0401984
1,796.935,0.14295,1.2e-07,0.819532,1e-08,1e-08,0.0375179
406
0,1217.03,0.108666,9.408e-08,0.851135,7.84e-09,7.84e-09,0.0401984
1,796.935,0.14295,1.2e-07,0.819532,1e-08,1e-08,0.0375179
407
0,1217.03,0.108666,9.408e-08,0.851135,7.84e-09,7.84e-09,0.0401984
1,796.935,0.14295,1.2e-07,0.819532,1e-08,1e-08,0.0375179
408
0,1217.03,0.108666,9.408e-08,0.851135,7.84e-09,7.84e-09,0.0401984
1,796.935,0.14295,1.2e-07,0.819532,1e-08,1e-08,0.0375179
409
0,1217.03,0.108666,9.408e-08,0.851135,7.84e-09,7.84e-09,0.0401984
1,796.935,0.14295,1.2e-07,0.819532,1e-08,1e-08,0.0375179
410
0,1217.03,0.108666,9.408e-08,0.851136,7.84e-09,7.84e-09,0.0401984
1,796.935,0.14295,1.2e-07,0.819532,1e-08,1e-08,0.0375179
411
0,1217.03,0.108666,9.408e-08,0.851136,7.84e-09,7.84e-09,0.0401984
1,796.935,0.14295,1.2e-07,0.819532,1e-08,1e-08,0.0375179
412
0,1217.03,0.108666,9.408e-08,0.851136,7.84e-09,7.84e-09,0.0401984
1,796.935,0.14295,1.2e-07,0.819532,1e-08,1e-08,0.0375179
413
0,1217.03,0.108666,9.408e-08,0.851136,7.84e-09,7.84e-09,0.0401984
1,796.935,0.14295,1.2e-07,0.819532,1e-08,1e-08,0.0375179
414
0,1217.03,0.108666,9.408e-08,0.851136,7.84e-09,7.84e-09,0.0401984
1,796.935,0.14295,1.2e-07,0.819532,1e-08,1e-08,0.0375179
415
0,1217.03,0.108666,9.408e-08,0.851136,7.84e-09,7.84e-09,0.0401984
1,796.935,0.14295,1.2e-07,0.819532,1e-08,1e-08,0.0375179
416
0,1217.03,0.108666,9.408e-08,0.851136,7.84e-09,7.84e-09,0.0401984
1,796.935,0.14295,1.2e-07,0.819532,1e-08,1e-08,0.0375179
417
0,1217.03,0.108666,9.408e-08,0.851136,7.84e-09,7.84e-09,0.0401984
1,796.935,0.14295,1.2e-07,0.819532,1e-08,1e-08,0.0375179
418
0,1217.03,0.108666,9.408e-08,0.851136,7.84e-09,7.84e-09,0.0401984
1,796.935,0.14295,1.2e-07,0.819532,1e-08,1e-08,0.0375179
419
0,1217.03,0.108666,9.408e-08,0.851136,7.84e-09,7.84e-09,0.0401984
1,796.935,0.14295,1.2e-07,0.819532,1e-08,1e-08,0.0375179
420
0,1217.03,0.108666,9.408e-08,0.851136,7.84e-09,7.84e-09,0.0401984
1,796.935,0.14295,1.2e-07,0.819532,1e-08,1e-08,0.0375179
421
0,1217.03,0.108666,9.408e-08,0.851136,7.84e-09,7.84e-09,0.0401984
1,796.935,0.14295,1.2e-07,0.819532,1e-08,1e-08,0.0375179
422
0,1217.03,0.108666,9.408e-08,0.851136,7.84e-09,7.84e-09,0.0401984
1,796.935,0.14295,1.2e-07,0.819532,1e-08,1e-08,0.0375179
423
0,1217.03,0.108666,9.408e-08,0.851136,7.84e-09,7.84e-09,0.0401984
1,796.935,0.14295,1.2e-07,0.819532,1e-08,1e-08,0.0375179
424
0,1217.03,0.108666,9.408e-08,0.851136,7.84e-09,7.84e-09,0.0401984
1,796.935,0.14295,1.2e-07,0.819532,1e-08,1e-08,0.0375179
425
0,1217.03,0.108666,9.408e-08,0.851136,7.84e-09,7.84e-09,0.0401984
1,796.935,0.14295,1.2e-07,0.819532,1e-08,1e-08,0.0375179
426
0,1217.03,0.108666,9.408e-08,0.851136,7.84e-09,7.84e-09,0.0401984
1,796.935,0.14295,1.2e-07,0.819532,1e-08,1e-08,0.0375179
427
0,1217.03,0.108666,9.408e-08,0.851136,7.84e-09,7.84e-09,0.0401984
1,796.935,0.14295,1.2e-07,0.819532,1e-08,1e-08,0.0375179
428
0,1217.03,0.108666,9.408e-08,0.851136,7.84e-09,7.84e-09,0.0401984
1,796.935,0.14295,1.2e-07,0.819532,1e-08,1e-08,0.0375179
429
0,1217.03,0.108666,9.408e-08,0.851136,7.84e-09,7.84e-09,0.0401984
1,796.935,0.14295,1.2e-07,0.819532,1e-08,1e-08,0.0375179
430
0,1217.03,0.108666,9.408e-08,0.851136,7.84e-09,7.84e-09,0.0401984
1,796.935,0.14295,1.2e-07,0.819532,1e-08,1e-08,0.0375179
431
0,1217.03,0.108666,9.408e-08,0.851136,7.84e-09,7.84e-09,0.0401984
1,796.935,0.14295,1.2e-07,0.819532,1e-08,1e-08,0.0375179
432
0,1217.03,0.108666,9.408e-08,0.851136,7.84e-09,7.84e-09,0.0401984
1,796.935,0.14295,1.2e-07,0.819532,1e-08,1e-08,0.0375179
433
0,1217.03,0.108666,9.408e-08,0.851136,7.84e-09,7.84e-09,0.0401984
1,796.935,0.14295,1.2e-07,0.819532,1e-08,1e-08,0.0375179
434
0,1217.03,0.108666,9.408e-08,0.851136,7.84e-09,7.84e-09,0.0401984
1,796.935,0.14295,1.2e-07,0.819532,1e-08,1e-08,0.0375179
435
0,1217.03,0.108666,9.408e-08,0.851136,7.84e-09,7.84e-09,0.0401984
1,796.935,0.14295,1.2e-07,0.819532,1e-08,1e-08,0.0375179
436
0,1217.03,0.108666,9.408e-08,0.851136,7.84e-09,7.84e-09,0.0401984
1,796.935,0.14295,1.2e-07,0.819532,1e-08,1e-08,0.0375179
437
0,1217.03,0.108666,9.408e-08,0.851136,7.84e-09,7.84e-09,0.0401984
1,796.935,0.14295,1.2e-07,0.819532,1e-08,1e-08,0.0375179
438
0,1217.03,0.108666,9.408e-08,0.851136,7.84e-09,7.84e-09,0.0401984
1,796.935,0.14295,1.2e-07,0.819532,1e-08,1e-08,0.0375179
439
0,1217.03,0.108666,9.408e-08,0.851136,7.84e-09,7.84e-09,0.0401984
1,796.935,0.14295,1.2e-07,0.819532,1e-08,1e-08,0.0375179
440
0,1217.03,0.108666,9.408e-08,0.851136,7.84e-09,7.84e-09,0.0401984
1,796.935,0.14295,1.2e-07,0.819532,1e-08,1e-08,0.0375179
441
0,1217.03,0.108666,9.408e-08,0.851136,7.84e-09,7.84e-09,0.0401984
1,796.935,0.14295,1.2e-07,0.819532,1e-08,1e-08,0.0375179
442
0,1217.03,0.108666,9.408e-08,0.851136,7.84e-09,7.84e-09,0.0401984
1,796.935,0.14295,1.2e-07,0.819532,1e-08,1e-08,0.0375179
443
0,1217.03,0.108666,9.408e-08,0.851136,7.84e-09,7.84e-09,0.0401984
1,796.935,0.14295,1.2e-07,0.819532,1e-08,1e-08,0.0375179
444
0,1217.03,0.108666,9.408e-08,0.851136,7.84e-09,7.84e-09,0.0401984
1,796.935,0.14295,1.2e-07,0.819532,1e-08,1e-08,0.0375179
445
0,1217.03,0.108666,9.408e-08,0.851136,7.84e-09,7.84e-09,0.0401984
1,796.935,0.14295,1.2e-07,0.819532,1e-08,1e-08,0.0375179
446
0,1217.03,0.108666,9.408e-08,0.851136,7.84e-09,7.84e-09,0.0401984
1,796.935,0.14295,1.2e-07,0.819532,1e-08,1e-08,0.0375179
447
0,1217.03,0.108666,9.408e-08,0.851136,7.84e-09,7.84e-09,0.0401984
1,796.935,0.14295,1.2e-07,0.819532,1e-08,1e-08,0.0375179
448
0,1217.03,0.108666,9.408e-08,0.851136,7.84e-09,7.84e-09,0.0401984
1,796.935,0.14295,1.2e-07,0.819532,1e-08,1e-08,0.0375179
449
0,1217.03,0.108666,9.408e-08,0.851136,7.84e-09,7.84e-09,0.0401984
1,796.935,0.14295,1.2e-07,0.819532,1e-08,1e-08,0.0375179
450
0,1217.03,0.108666,9.408e-08,0.851136,7.84e-09,7.84e-09,0.0401984
1,796.935,0.14295,1.2e-07,0.819532,1e-08,1e-08,0.0375179
451
0,1217.03,0.108666,9.408e-08,0.851136,7.84e-09,7.84e-09,0.0401984
1,796.935,0.14295,1.2e-07,0.819532,1e-08,1e-08,0.0375179
452
0,1217.03,0.108666,9.408e-08,0.851136,7.84e-09,7.84e-09,0.0401984
1,796.935,0.14295,1.2e-07,0.819532,1e-08,1e-08,0.0375179
453
0,1217.03,0.108666,9.408e-08,0.851136,7.84e-09,7.84e-09,0.0401984
1,796.935,0.14295,1.2e-07,0.819532,1e-08,1e-08,0.0375179
454
0,1217.03,0.108666,9.408e-08,0.851136,7.84e-09,7.84e-09,0.0401984
1,796.935,0.14295,1.2e-07,0.819532,1e-08,1e-08,0.0375179
455
0,1217.03,0.108666,9.408e-08,0.851136,7.84e-09,7.84e-09,0.0401984
1,796.935,0.14295,1.2e-07,0.819532,1e-08,1e-08,0.0375179
456
0,1217.03,0.108666,9.408e-08,0.851136,7.84e-09,7.84e-09,0.0401984
1,796.935,0.14295,1.2e-07,0.819532,1e-08,1e-08,0.0375179
457
0,1217.03,0.108666,9.408e-08,0.851136,7.84e-09,7.84e-09,0.0401984
1,796.935,0.14295,1.2e-07,0.819532,1e-08,1e-08,0.0375179
458
0,1217.03,0.108666,9.408e-08,0.851136,7.84e-09,7.84e-09,0.0401984
1,796.935,0.14295,1.2e-07,0.819532,1e-08,1e-08,0.0375179
459
0,1217.03,0.108666,9.408e-08,0.851136,7.84e-09,7.84e-09,0.0401984
1,796.935,0.14295,1.2e-07,0.819532,1e-08,1e-08,0.0375179
460
0,1217.03,0.108666,9.408e-08,0.851136,7.84e-09,7.84e-09,0.0401984
1,796.935,0.14295,1.2e-07,0.819532,1e-08,1e-08,0.0375179
461
0,1217.03,0.108666,9.408e-08,0.851136,7.84e-09,7.84e-09,0.0401984
1,796.935,0.14295,1.2e-07,0.819532,1e-08,1e-08,0.0375179
462
0,1217.03,0.108666,9.408e-08,0.851136,7.84e-09,7.84e-09,0.0401984
1,796.935,0.14295,1.2e-07,0.819532,1e-08,1e-08,0.0375179
463
0,1217.03,0.108666,9.408e-08,0.851136,7.84e-09,7.84e-09,0.0401984
1,796.935,0.14295,1.2e-07,0.819532,1e-08,1e-08,0.0375179
464
0,1217.03,0.108666,9.408e-08,0.851136,7.84e-09,7.84e-09,0.0401984
1,796.935,0.14295,1.2e-07,0.819532,1e-08,1e-08,0.0375179
465
0,1217.03,0.108666,9.408e-08,0.851136,7.84e-09,7.84e-09,0.0401984
1,796.935,0.14295,1.2e-07,0.819532,1e-08,1e-08,0.0375179
466
0,1217.03,0.108666,9.408e-08,0.851136,7.84e-09,7.84e-09,0.0401984
1,796.935,0.14295,1.2e-07,0.819532,1e-08,1e-08,0.0375179
467
0,1217.03,0.108666,9.408e-08,0.851136,7.84e-09,7.84e-09,0.0401984
1,796.935,0.14295,1.2e-07,0.819532,1e-08,1e-08,0.0375179
468
0,1217.03,0.108666,9.408e-08,0.851136,7.84e-09,7.84e-09,0.0401984
1,796.935,0.14295,1.2e-07,0.819532,1e-08,1e-08,0.0375179
469
0,1217.03,0.108665,9.408e-08,0.851136,7.84e-09,7.84e-09,0.0401984
1,796.935,0.14295,1.2e-07,0.819532,1e-08,1e-08,0.0375179
470
0,1217.03,0.108665,9.408e-08,0.851136,7.84e-09,7.84e-09,0.0401984
1,796.935,0.14295,1.2e-07,0.819532,1e-08,1e-08,0.0375179
471
0,1217.03,0.108665,9.408e-08,0.851136,7.84e-09,7.84e-09,0.0401984
1,796.935,0.14295,1.2e-07,0.819532,1e-08,1e-08,0.0375179
472
0,1217.03,0.108665,9.408e-08,0.851136,7.84e-09,7.84e-09,0.0401984
1,796.935,0.14295,1.2e-07,0.819532,1e-08,1e-08,0.0375179
473
0,1217.03,0.108665,9.408e-08,0.851136,7.84e-09,7.84e-09,0.0401984
1,796.935,0.14295,1.2e-07,0.819532,1e-08,1e-08,0.0375179
474
0,1217.03,0.108665,9.408e-08,0.851136,7.84e-09,7.84e-09,0.0401984
1,796.935,0.14295,1.2e-07,0.819532,1e-08,1e-08,0.0375179
475
0,1217.03,0.108665,9.408e-08,0.851136,7.84e-09,7.84e-09,0.0401984
1,796.935,0.14295,1.2e-07,0.819532,1e-08,1e-08,0.0375179
476
0,1217.03,0.108665,9.408e-08,0.851136,7.84e-09,7.84e-09,0.0401984
1,796.935,0.14295,1.2e-07,0.819532,1e-08,1e-08,0.0375179
477
0,1217.03,0.108665,9.408e-08,0.851136,7.84e-09,7.84e-09,0.0401984
1,796.935,0.14295,1.2e-07,0.819532,1e-08,1e-08,0.0375179
478
0,1217.03,0.108665,9.408e-08,0.851136,7.84e-09,7.84e-09,0.0401984
1,796.935,0.142949,1.2e-07,0.819533,1e-08,1e-08,0.0375179
479
0,1217.03,0.108665,9.408e-08,0.851136,7.84e-09,7.84e-09,0.0401984
1,796.935,0.142949,1.2e-07,0.819533,1e-08,1e-08,0.0375179
480
0,1217.03,0.108665,9.408e-08,0.851136,7.84e-09,7.84e-09,0.0401984
1,796.935,0.142949,1.2e-07,0.819533,1e-08,1e-08,0.0375179
481
0,1217.03,0.108665,9.408e-08,0.851136,7.84e-09,7.84e-09,0.0401984
1,796.935,0.142949,1.2e-07,0.819533,1e-08,1e-08,0.0375179
482
0,1217.03,0.108665,9.408e-08,0.851136,7.84e-09,7.84e-09,0.0401984
1,796.935,0.142949,1.2e-07,0.819533,1e-08,1e-08,0.0375179
483
0,1217.03,0.108665,9.408e-08,0.851136,7.84e-09,7.84e-09,0.0401984
1,796.935,0.142949,1.2e-07,0.819533,1e-08,1e-08,0.0375179
484
0,1217.03,0.108665,9.408e-08,0.851136,7.84e-09,7.84e-09,0.0401984
1,796.935,0.142949,1.2e-07,0.819533,1e-08,1e-08,0.0375179
485
0,1217.03,0.108665,9.408e-08,0.851136,7.84e-09,7.84e-09,0.0401984
1,796.935,0.142949,1.2e-07,0.819533,1e-08,1e-08,0.0375179
486
0,1217.03,0.108665,9.408e-08,0.851136,7.84e-09,7.84e-09,0.0401984
1,796.935,0.142949,1.2e-07,0.819533,1e-08,1e-08,0.0375179
487
0,1217.03,0.108665,9.408e-08,0.851136,7.84e-09,7.84e-09,0.0401984
1,796.935,0.142949,1.2e-07,0.819533,1e-08,1e-08,0.0375179
488
0,1217.03,0.108665,9.408e-08,0.851136,7.84e-09,7.84e-09,0.0401984
1,796.935,0.142949,1.2e-07,0.819533,1e-08,1e-08,0.0375179
489
0,1217.03,0.108665,9.408e-08,0.851136,7.84e-09,7.84e-09,0.0401984
1,796.935,0.142949,1.2e-07,0.819533,1e-08,1e-08,0.0375179
490
0,1217.03,0.108665,9.408e-08,0.851136,7.84e-09,7.84e-09,0.0401984
1,796.935,0.142949,1.2e-07,0.819533,1e-08,1e-08,0.0375179
491
0,1217.03,0.108665,9.408e-08,0.851136,7.84e-09,7.84e-09,0.0401984
1,796.935,0.142949,1.2e-07,0.819533,1e-08,1e-08,0.0375179
492
0,1217.03,0.108665,9.408e-08,0.851136,7.84e-09,7.84e-09,0.0401984
1,796.935,0.142949,1.2e-07,0.819533,1e-08,1e-08,0.0375179
493
0,1217.03,0.108665,9.408e-08,0.851136,7.84e-09,7.84e-09,0.0401984
1,796.935,0.142949,1.2e-07,0.819533,1e-08,1e-08,0.0375179
494
0,1217.03,0.108665,9.408e-08,0.851136,7.84e-09,7.84e-09,0.0401984
1,796.935,0.142949,1.2e-07,0.819533,1e-08,1e-08,0.0375179
495
0,1217.03,0.108665,9.408e-08,0.851136,7.84e-09,7.84e-09,0.0401984
1,796.935,0.142949,1.2e-07,0.819533,1e-08,1e-08,0.0375179
496
0,1217.03,0.108665,9.408e-08,0.851136,7.84e-09,7.84e-09,0.0401984
1,796.935,0.142949,1.2e-07,0.819533,1e-08,1e-08,0.0375179
497
0,1217.03,0.108665,9.408e-08,0.851136,7.84e-09,7.84e-09,0.0401984
1,796.935,0.142949,1.2e-07,0.819533,1e-08,1e-08,0.0375179
498
0,1217.03,0.108665,9.408e-08,0.851136,7.84e-09,7.84e-09,0.0401984
1,796.935,0.142949,1.2e-07,0.819533,1e-08,1e-08,0.0375179
499
0,1217.03,0.108665,9.408e-08,0.851136,7.84e-09,7.84e-09,0.0401984
1,796.935,0.142949,1.2e-07,0.819533,1e-08,1e-08,0.0375179
